#
# There is insufficient memory for the Java Runtime Environment to continue.
# Native memory allocation (malloc) failed to allocate 32744 bytes. Error detail: Chunk::new
# Possible reasons:
#   The system is out of physical RAM or swap space
#   This process is running with CompressedOops enabled, and the Java Heap may be blocking the growth of the native heap
# Possible solutions:
#   Reduce memory load on the system
#   Increase physical memory or swap space
#   Check if swap backing store is full
#   Decrease Java heap size (-Xmx/-Xms)
#   Decrease number of Java threads
#   Decrease Java thread stack sizes (-Xss)
#   Set larger code cache with -XX:ReservedCodeCacheSize=
#   JVM is running with Unscaled Compressed Oops mode in which the Java heap is
#     placed in the first 4GB address space. The Java Heap base address is the
#     maximum limit for the native heap growth. Please use -XX:HeapBaseMinAddress
#     to set the Java Heap base and to place the Java Heap above 4GB virtual address.
# This output file may be truncated or incomplete.
#
#  Out of Memory Error (arena.cpp:150), pid=24184, tid=18416
#
# JRE version: Java(TM) SE Runtime Environment (22.0.2+9) (build 22.0.2+9-70)
# Java VM: Java HotSpot(TM) 64-Bit Server VM (22.0.2+9-70, mixed mode, tiered, compressed oops, compressed class ptrs, g1 gc, windows-amd64)
# No core dump will be written. Minidumps are not enabled by default on client versions of Windows
#

---------------  S U M M A R Y ------------

Command Line: -ea -Dfile.encoding=UTF-8 -Dstdout.encoding=UTF-8 -Dstderr.encoding=UTF-8 -XX:+ShowCodeDetailsInExceptionMessages org.testng.remote.RemoteTestNG -serport 54756 -protocol json -d C:\Users\bobad\git\Amazon\Amazon\test-output C:\Users\bobad\git\Amazon\Amazon\testng.xml

Host: Intel(R) Core(TM) i3-10110U CPU @ 2.10GHz, 4 cores, 7G,  Windows 11 , 64 bit Build 22621 (10.0.22621.3958)
Time: Tue Oct 22 22:48:45 2024 India Standard Time elapsed time: 0.729203 seconds (0d 0h 0m 0s)

---------------  T H R E A D  ---------------

Current thread (0x0000016704099900):  JavaThread "C2 CompilerThread0" daemon [_thread_in_native, id=18416, stack(0x00000020e1f00000,0x00000020e2000000) (1024K)]


Current CompileTask:
C2:729  143   !   4       java.util.zip.ZipFile$Source::checkAndAddEntry (354 bytes)

Stack: [0x00000020e1f00000,0x00000020e2000000]
Native frames: (J=compiled Java code, j=interpreted, Vv=VM code, C=native code)
V  [jvm.dll+0x6e26e9]  (no source info available)
V  [jvm.dll+0x875753]  (no source info available)
V  [jvm.dll+0x877b7e]  (no source info available)
V  [jvm.dll+0x878253]  (no source info available)
V  [jvm.dll+0x27fc86]  (no source info available)
V  [jvm.dll+0xc3d0f]  (no source info available)
V  [jvm.dll+0xc3f6b]  (no source info available)
V  [jvm.dll+0x70ecec]  (no source info available)
V  [jvm.dll+0x1df77b]  (no source info available)
V  [jvm.dll+0x24793c]  (no source info available)
V  [jvm.dll+0x246e9f]  (no source info available)
V  [jvm.dll+0x1c4e80]  (no source info available)
V  [jvm.dll+0x2568f3]  (no source info available)
V  [jvm.dll+0x254baa]  (no source info available)
V  [jvm.dll+0x3f57a6]  (no source info available)
V  [jvm.dll+0x81dc0b]  (no source info available)
V  [jvm.dll+0x6e0d85]  (no source info available)
C  [ucrtbase.dll+0x29333]  (no source info available)
C  [KERNEL32.DLL+0x1257d]  (no source info available)
C  [ntdll.dll+0x5af08]  (no source info available)


---------------  P R O C E S S  ---------------

Threads class SMR info:
_java_thread_list=0x0000016704212250, length=12, elements={
0x000001674d874cf0, 0x00000167040644d0, 0x0000016704065610, 0x000001670405a970,
0x000001670405b3d0, 0x000001670405be30, 0x0000016704072370, 0x0000016704099900,
0x00000167040fc720, 0x0000016704236940, 0x0000016704242fa0, 0x00000167043fe220
}

Java Threads: ( => current thread )
  0x000001674d874cf0 JavaThread "main"                              [_thread_in_Java, id=18720, stack(0x00000020e1100000,0x00000020e1200000) (1024K)]
  0x00000167040644d0 JavaThread "Reference Handler"          daemon [_thread_blocked, id=18444, stack(0x00000020e1900000,0x00000020e1a00000) (1024K)]
  0x0000016704065610 JavaThread "Finalizer"                  daemon [_thread_blocked, id=24516, stack(0x00000020e1a00000,0x00000020e1b00000) (1024K)]
  0x000001670405a970 JavaThread "Signal Dispatcher"          daemon [_thread_blocked, id=12976, stack(0x00000020e1b00000,0x00000020e1c00000) (1024K)]
  0x000001670405b3d0 JavaThread "Attach Listener"            daemon [_thread_blocked, id=32020, stack(0x00000020e1c00000,0x00000020e1d00000) (1024K)]
  0x000001670405be30 JavaThread "Service Thread"             daemon [_thread_blocked, id=14268, stack(0x00000020e1d00000,0x00000020e1e00000) (1024K)]
  0x0000016704072370 JavaThread "Monitor Deflation Thread"   daemon [_thread_blocked, id=30028, stack(0x00000020e1e00000,0x00000020e1f00000) (1024K)]
=>0x0000016704099900 JavaThread "C2 CompilerThread0"         daemon [_thread_in_native, id=18416, stack(0x00000020e1f00000,0x00000020e2000000) (1024K)]
  0x00000167040fc720 JavaThread "C1 CompilerThread0"         daemon [_thread_blocked, id=8240, stack(0x00000020e2000000,0x00000020e2100000) (1024K)]
  0x0000016704236940 JavaThread "Notification Thread"        daemon [_thread_blocked, id=1308, stack(0x00000020e2100000,0x00000020e2200000) (1024K)]
  0x0000016704242fa0 JavaThread "Common-Cleaner"             daemon [_thread_blocked, id=27616, stack(0x00000020e2200000,0x00000020e2300000) (1024K)]
  0x00000167043fe220 JavaThread "C2 CompilerThread1"         daemon [_thread_in_native, id=11136, stack(0x00000020e2300000,0x00000020e2400000) (1024K)]
Total: 12

Other Threads:
  0x000001676b9ab310 VMThread "VM Thread"                           [id=27304, stack(0x00000020e1800000,0x00000020e1900000) (1024K)]
  0x000001676b9255c0 WatcherThread "VM Periodic Task Thread"        [id=31164, stack(0x00000020e1700000,0x00000020e1800000) (1024K)]
  0x000001674fa5a4d0 WorkerThread "GC Thread#0"                     [id=4020, stack(0x00000020e1200000,0x00000020e1300000) (1024K)]
  0x000001674fa6afc0 ConcurrentGCThread "G1 Main Marker"            [id=24340, stack(0x00000020e1300000,0x00000020e1400000) (1024K)]
  0x000001674fa6cae0 WorkerThread "G1 Conc#0"                       [id=8924, stack(0x00000020e1400000,0x00000020e1500000) (1024K)]
  0x000001676b7f6100 ConcurrentGCThread "G1 Refine#0"               [id=18912, stack(0x00000020e1500000,0x00000020e1600000) (1024K)]
  0x000001676b7f8b40 ConcurrentGCThread "G1 Service"                [id=13800, stack(0x00000020e1600000,0x00000020e1700000) (1024K)]
Total: 7

Threads with active compile tasks:
C2 CompilerThread0  814  143   !   4       java.util.zip.ZipFile$Source::checkAndAddEntry (354 bytes)
C2 CompilerThread1  814  145       4       java.util.zip.ZipFile$Source::isMetaName (141 bytes)
Total: 2

VM state: not at safepoint (normal execution)

VM Mutex/Monitor currently owned by a thread: None

Heap address: 0x0000000082800000, size: 2008 MB, Compressed Oops mode: 32-bit

CDS archive(s) not mapped
Compressed class space mapped at: 0x0000000008000000-0x0000000048000000, reserved size: 1073741824
Narrow klass base: 0x0000000000000000, Narrow klass shift: 0, Narrow klass range: 0x48000000

GC Precious Log:
 CardTable entry size: 512
 Card Set container configuration: InlinePtr #cards 5 size 8 Array Of Cards #cards 12 size 40 Howl #buckets 4 coarsen threshold 1843 Howl Bitmap #cards 512 size 80 coarsen threshold 460 Card regions per heap region 1 cards per card region 2048
 CPUs: 4 total, 4 available
 Memory: 8026M
 Large Page Support: Disabled
 NUMA Support: Disabled
 Compressed Oops: Enabled (32-bit)
 Heap Region Size: 1M
 Heap Min Capacity: 8M
 Heap Initial Capacity: 126M
 Heap Max Capacity: 2008M
 Pre-touch: Disabled
 Parallel Workers: 4
 Concurrent Workers: 1
 Concurrent Refinement Workers: 4
 Periodic GC: Disabled

Heap:
 garbage-first heap   total reserved 2056192K, committed 129024K, used 2048K [0x0000000082800000, 0x0000000100000000)
  region size 1024K, 3 young (3072K), 0 survivors (0K)
 Metaspace       used 5336K, committed 5504K, reserved 1114112K
  class space    used 443K, committed 512K, reserved 1048576K

Heap Regions: E=young(eden), S=young(survivor), O=old, HS=humongous(starts), HC=humongous(continues), CS=collection set, F=free, TAMS=top-at-mark-start, PB=parsable bottom
|   0|0x0000000082800000, 0x0000000082800000, 0x0000000082900000|  0%| F|  |TAMS 0x0000000082800000| PB 0x0000000082800000| Untracked |  0
|   1|0x0000000082900000, 0x0000000082900000, 0x0000000082a00000|  0%| F|  |TAMS 0x0000000082900000| PB 0x0000000082900000| Untracked |  0
|   2|0x0000000082a00000, 0x0000000082a00000, 0x0000000082b00000|  0%| F|  |TAMS 0x0000000082a00000| PB 0x0000000082a00000| Untracked |  0
|   3|0x0000000082b00000, 0x0000000082b00000, 0x0000000082c00000|  0%| F|  |TAMS 0x0000000082b00000| PB 0x0000000082b00000| Untracked |  0
|   4|0x0000000082c00000, 0x0000000082c00000, 0x0000000082d00000|  0%| F|  |TAMS 0x0000000082c00000| PB 0x0000000082c00000| Untracked |  0
|   5|0x0000000082d00000, 0x0000000082d00000, 0x0000000082e00000|  0%| F|  |TAMS 0x0000000082d00000| PB 0x0000000082d00000| Untracked |  0
|   6|0x0000000082e00000, 0x0000000082e00000, 0x0000000082f00000|  0%| F|  |TAMS 0x0000000082e00000| PB 0x0000000082e00000| Untracked |  0
|   7|0x0000000082f00000, 0x0000000082f00000, 0x0000000083000000|  0%| F|  |TAMS 0x0000000082f00000| PB 0x0000000082f00000| Untracked |  0
|   8|0x0000000083000000, 0x0000000083000000, 0x0000000083100000|  0%| F|  |TAMS 0x0000000083000000| PB 0x0000000083000000| Untracked |  0
|   9|0x0000000083100000, 0x0000000083100000, 0x0000000083200000|  0%| F|  |TAMS 0x0000000083100000| PB 0x0000000083100000| Untracked |  0
|  10|0x0000000083200000, 0x0000000083200000, 0x0000000083300000|  0%| F|  |TAMS 0x0000000083200000| PB 0x0000000083200000| Untracked |  0
|  11|0x0000000083300000, 0x0000000083300000, 0x0000000083400000|  0%| F|  |TAMS 0x0000000083300000| PB 0x0000000083300000| Untracked |  0
|  12|0x0000000083400000, 0x0000000083400000, 0x0000000083500000|  0%| F|  |TAMS 0x0000000083400000| PB 0x0000000083400000| Untracked |  0
|  13|0x0000000083500000, 0x0000000083500000, 0x0000000083600000|  0%| F|  |TAMS 0x0000000083500000| PB 0x0000000083500000| Untracked |  0
|  14|0x0000000083600000, 0x0000000083600000, 0x0000000083700000|  0%| F|  |TAMS 0x0000000083600000| PB 0x0000000083600000| Untracked |  0
|  15|0x0000000083700000, 0x0000000083700000, 0x0000000083800000|  0%| F|  |TAMS 0x0000000083700000| PB 0x0000000083700000| Untracked |  0
|  16|0x0000000083800000, 0x0000000083800000, 0x0000000083900000|  0%| F|  |TAMS 0x0000000083800000| PB 0x0000000083800000| Untracked |  0
|  17|0x0000000083900000, 0x0000000083900000, 0x0000000083a00000|  0%| F|  |TAMS 0x0000000083900000| PB 0x0000000083900000| Untracked |  0
|  18|0x0000000083a00000, 0x0000000083a00000, 0x0000000083b00000|  0%| F|  |TAMS 0x0000000083a00000| PB 0x0000000083a00000| Untracked |  0
|  19|0x0000000083b00000, 0x0000000083b00000, 0x0000000083c00000|  0%| F|  |TAMS 0x0000000083b00000| PB 0x0000000083b00000| Untracked |  0
|  20|0x0000000083c00000, 0x0000000083c00000, 0x0000000083d00000|  0%| F|  |TAMS 0x0000000083c00000| PB 0x0000000083c00000| Untracked |  0
|  21|0x0000000083d00000, 0x0000000083d00000, 0x0000000083e00000|  0%| F|  |TAMS 0x0000000083d00000| PB 0x0000000083d00000| Untracked |  0
|  22|0x0000000083e00000, 0x0000000083e00000, 0x0000000083f00000|  0%| F|  |TAMS 0x0000000083e00000| PB 0x0000000083e00000| Untracked |  0
|  23|0x0000000083f00000, 0x0000000083f00000, 0x0000000084000000|  0%| F|  |TAMS 0x0000000083f00000| PB 0x0000000083f00000| Untracked |  0
|  24|0x0000000084000000, 0x0000000084000000, 0x0000000084100000|  0%| F|  |TAMS 0x0000000084000000| PB 0x0000000084000000| Untracked |  0
|  25|0x0000000084100000, 0x0000000084100000, 0x0000000084200000|  0%| F|  |TAMS 0x0000000084100000| PB 0x0000000084100000| Untracked |  0
|  26|0x0000000084200000, 0x0000000084200000, 0x0000000084300000|  0%| F|  |TAMS 0x0000000084200000| PB 0x0000000084200000| Untracked |  0
|  27|0x0000000084300000, 0x0000000084300000, 0x0000000084400000|  0%| F|  |TAMS 0x0000000084300000| PB 0x0000000084300000| Untracked |  0
|  28|0x0000000084400000, 0x0000000084400000, 0x0000000084500000|  0%| F|  |TAMS 0x0000000084400000| PB 0x0000000084400000| Untracked |  0
|  29|0x0000000084500000, 0x0000000084500000, 0x0000000084600000|  0%| F|  |TAMS 0x0000000084500000| PB 0x0000000084500000| Untracked |  0
|  30|0x0000000084600000, 0x0000000084600000, 0x0000000084700000|  0%| F|  |TAMS 0x0000000084600000| PB 0x0000000084600000| Untracked |  0
|  31|0x0000000084700000, 0x0000000084700000, 0x0000000084800000|  0%| F|  |TAMS 0x0000000084700000| PB 0x0000000084700000| Untracked |  0
|  32|0x0000000084800000, 0x0000000084800000, 0x0000000084900000|  0%| F|  |TAMS 0x0000000084800000| PB 0x0000000084800000| Untracked |  0
|  33|0x0000000084900000, 0x0000000084900000, 0x0000000084a00000|  0%| F|  |TAMS 0x0000000084900000| PB 0x0000000084900000| Untracked |  0
|  34|0x0000000084a00000, 0x0000000084a00000, 0x0000000084b00000|  0%| F|  |TAMS 0x0000000084a00000| PB 0x0000000084a00000| Untracked |  0
|  35|0x0000000084b00000, 0x0000000084b00000, 0x0000000084c00000|  0%| F|  |TAMS 0x0000000084b00000| PB 0x0000000084b00000| Untracked |  0
|  36|0x0000000084c00000, 0x0000000084c00000, 0x0000000084d00000|  0%| F|  |TAMS 0x0000000084c00000| PB 0x0000000084c00000| Untracked |  0
|  37|0x0000000084d00000, 0x0000000084d00000, 0x0000000084e00000|  0%| F|  |TAMS 0x0000000084d00000| PB 0x0000000084d00000| Untracked |  0
|  38|0x0000000084e00000, 0x0000000084e00000, 0x0000000084f00000|  0%| F|  |TAMS 0x0000000084e00000| PB 0x0000000084e00000| Untracked |  0
|  39|0x0000000084f00000, 0x0000000084f00000, 0x0000000085000000|  0%| F|  |TAMS 0x0000000084f00000| PB 0x0000000084f00000| Untracked |  0
|  40|0x0000000085000000, 0x0000000085000000, 0x0000000085100000|  0%| F|  |TAMS 0x0000000085000000| PB 0x0000000085000000| Untracked |  0
|  41|0x0000000085100000, 0x0000000085100000, 0x0000000085200000|  0%| F|  |TAMS 0x0000000085100000| PB 0x0000000085100000| Untracked |  0
|  42|0x0000000085200000, 0x0000000085200000, 0x0000000085300000|  0%| F|  |TAMS 0x0000000085200000| PB 0x0000000085200000| Untracked |  0
|  43|0x0000000085300000, 0x0000000085300000, 0x0000000085400000|  0%| F|  |TAMS 0x0000000085300000| PB 0x0000000085300000| Untracked |  0
|  44|0x0000000085400000, 0x0000000085400000, 0x0000000085500000|  0%| F|  |TAMS 0x0000000085400000| PB 0x0000000085400000| Untracked |  0
|  45|0x0000000085500000, 0x0000000085500000, 0x0000000085600000|  0%| F|  |TAMS 0x0000000085500000| PB 0x0000000085500000| Untracked |  0
|  46|0x0000000085600000, 0x0000000085600000, 0x0000000085700000|  0%| F|  |TAMS 0x0000000085600000| PB 0x0000000085600000| Untracked |  0
|  47|0x0000000085700000, 0x0000000085700000, 0x0000000085800000|  0%| F|  |TAMS 0x0000000085700000| PB 0x0000000085700000| Untracked |  0
|  48|0x0000000085800000, 0x0000000085800000, 0x0000000085900000|  0%| F|  |TAMS 0x0000000085800000| PB 0x0000000085800000| Untracked |  0
|  49|0x0000000085900000, 0x0000000085900000, 0x0000000085a00000|  0%| F|  |TAMS 0x0000000085900000| PB 0x0000000085900000| Untracked |  0
|  50|0x0000000085a00000, 0x0000000085a00000, 0x0000000085b00000|  0%| F|  |TAMS 0x0000000085a00000| PB 0x0000000085a00000| Untracked |  0
|  51|0x0000000085b00000, 0x0000000085b00000, 0x0000000085c00000|  0%| F|  |TAMS 0x0000000085b00000| PB 0x0000000085b00000| Untracked |  0
|  52|0x0000000085c00000, 0x0000000085c00000, 0x0000000085d00000|  0%| F|  |TAMS 0x0000000085c00000| PB 0x0000000085c00000| Untracked |  0
|  53|0x0000000085d00000, 0x0000000085d00000, 0x0000000085e00000|  0%| F|  |TAMS 0x0000000085d00000| PB 0x0000000085d00000| Untracked |  0
|  54|0x0000000085e00000, 0x0000000085e00000, 0x0000000085f00000|  0%| F|  |TAMS 0x0000000085e00000| PB 0x0000000085e00000| Untracked |  0
|  55|0x0000000085f00000, 0x0000000085f00000, 0x0000000086000000|  0%| F|  |TAMS 0x0000000085f00000| PB 0x0000000085f00000| Untracked |  0
|  56|0x0000000086000000, 0x0000000086000000, 0x0000000086100000|  0%| F|  |TAMS 0x0000000086000000| PB 0x0000000086000000| Untracked |  0
|  57|0x0000000086100000, 0x0000000086100000, 0x0000000086200000|  0%| F|  |TAMS 0x0000000086100000| PB 0x0000000086100000| Untracked |  0
|  58|0x0000000086200000, 0x0000000086200000, 0x0000000086300000|  0%| F|  |TAMS 0x0000000086200000| PB 0x0000000086200000| Untracked |  0
|  59|0x0000000086300000, 0x0000000086300000, 0x0000000086400000|  0%| F|  |TAMS 0x0000000086300000| PB 0x0000000086300000| Untracked |  0
|  60|0x0000000086400000, 0x0000000086400000, 0x0000000086500000|  0%| F|  |TAMS 0x0000000086400000| PB 0x0000000086400000| Untracked |  0
|  61|0x0000000086500000, 0x0000000086500000, 0x0000000086600000|  0%| F|  |TAMS 0x0000000086500000| PB 0x0000000086500000| Untracked |  0
|  62|0x0000000086600000, 0x0000000086600000, 0x0000000086700000|  0%| F|  |TAMS 0x0000000086600000| PB 0x0000000086600000| Untracked |  0
|  63|0x0000000086700000, 0x0000000086700000, 0x0000000086800000|  0%| F|  |TAMS 0x0000000086700000| PB 0x0000000086700000| Untracked |  0
|  64|0x0000000086800000, 0x0000000086800000, 0x0000000086900000|  0%| F|  |TAMS 0x0000000086800000| PB 0x0000000086800000| Untracked |  0
|  65|0x0000000086900000, 0x0000000086900000, 0x0000000086a00000|  0%| F|  |TAMS 0x0000000086900000| PB 0x0000000086900000| Untracked |  0
|  66|0x0000000086a00000, 0x0000000086a00000, 0x0000000086b00000|  0%| F|  |TAMS 0x0000000086a00000| PB 0x0000000086a00000| Untracked |  0
|  67|0x0000000086b00000, 0x0000000086b00000, 0x0000000086c00000|  0%| F|  |TAMS 0x0000000086b00000| PB 0x0000000086b00000| Untracked |  0
|  68|0x0000000086c00000, 0x0000000086c00000, 0x0000000086d00000|  0%| F|  |TAMS 0x0000000086c00000| PB 0x0000000086c00000| Untracked |  0
|  69|0x0000000086d00000, 0x0000000086d00000, 0x0000000086e00000|  0%| F|  |TAMS 0x0000000086d00000| PB 0x0000000086d00000| Untracked |  0
|  70|0x0000000086e00000, 0x0000000086e00000, 0x0000000086f00000|  0%| F|  |TAMS 0x0000000086e00000| PB 0x0000000086e00000| Untracked |  0
|  71|0x0000000086f00000, 0x0000000086f00000, 0x0000000087000000|  0%| F|  |TAMS 0x0000000086f00000| PB 0x0000000086f00000| Untracked |  0
|  72|0x0000000087000000, 0x0000000087000000, 0x0000000087100000|  0%| F|  |TAMS 0x0000000087000000| PB 0x0000000087000000| Untracked |  0
|  73|0x0000000087100000, 0x0000000087100000, 0x0000000087200000|  0%| F|  |TAMS 0x0000000087100000| PB 0x0000000087100000| Untracked |  0
|  74|0x0000000087200000, 0x0000000087200000, 0x0000000087300000|  0%| F|  |TAMS 0x0000000087200000| PB 0x0000000087200000| Untracked |  0
|  75|0x0000000087300000, 0x0000000087300000, 0x0000000087400000|  0%| F|  |TAMS 0x0000000087300000| PB 0x0000000087300000| Untracked |  0
|  76|0x0000000087400000, 0x0000000087400000, 0x0000000087500000|  0%| F|  |TAMS 0x0000000087400000| PB 0x0000000087400000| Untracked |  0
|  77|0x0000000087500000, 0x0000000087500000, 0x0000000087600000|  0%| F|  |TAMS 0x0000000087500000| PB 0x0000000087500000| Untracked |  0
|  78|0x0000000087600000, 0x0000000087600000, 0x0000000087700000|  0%| F|  |TAMS 0x0000000087600000| PB 0x0000000087600000| Untracked |  0
|  79|0x0000000087700000, 0x0000000087700000, 0x0000000087800000|  0%| F|  |TAMS 0x0000000087700000| PB 0x0000000087700000| Untracked |  0
|  80|0x0000000087800000, 0x0000000087800000, 0x0000000087900000|  0%| F|  |TAMS 0x0000000087800000| PB 0x0000000087800000| Untracked |  0
|  81|0x0000000087900000, 0x0000000087900000, 0x0000000087a00000|  0%| F|  |TAMS 0x0000000087900000| PB 0x0000000087900000| Untracked |  0
|  82|0x0000000087a00000, 0x0000000087a00000, 0x0000000087b00000|  0%| F|  |TAMS 0x0000000087a00000| PB 0x0000000087a00000| Untracked |  0
|  83|0x0000000087b00000, 0x0000000087b00000, 0x0000000087c00000|  0%| F|  |TAMS 0x0000000087b00000| PB 0x0000000087b00000| Untracked |  0
|  84|0x0000000087c00000, 0x0000000087c00000, 0x0000000087d00000|  0%| F|  |TAMS 0x0000000087c00000| PB 0x0000000087c00000| Untracked |  0
|  85|0x0000000087d00000, 0x0000000087d00000, 0x0000000087e00000|  0%| F|  |TAMS 0x0000000087d00000| PB 0x0000000087d00000| Untracked |  0
|  86|0x0000000087e00000, 0x0000000087e00000, 0x0000000087f00000|  0%| F|  |TAMS 0x0000000087e00000| PB 0x0000000087e00000| Untracked |  0
|  87|0x0000000087f00000, 0x0000000087f00000, 0x0000000088000000|  0%| F|  |TAMS 0x0000000087f00000| PB 0x0000000087f00000| Untracked |  0
|  88|0x0000000088000000, 0x0000000088000000, 0x0000000088100000|  0%| F|  |TAMS 0x0000000088000000| PB 0x0000000088000000| Untracked |  0
|  89|0x0000000088100000, 0x0000000088100000, 0x0000000088200000|  0%| F|  |TAMS 0x0000000088100000| PB 0x0000000088100000| Untracked |  0
|  90|0x0000000088200000, 0x0000000088200000, 0x0000000088300000|  0%| F|  |TAMS 0x0000000088200000| PB 0x0000000088200000| Untracked |  0
|  91|0x0000000088300000, 0x0000000088300000, 0x0000000088400000|  0%| F|  |TAMS 0x0000000088300000| PB 0x0000000088300000| Untracked |  0
|  92|0x0000000088400000, 0x0000000088400000, 0x0000000088500000|  0%| F|  |TAMS 0x0000000088400000| PB 0x0000000088400000| Untracked |  0
|  93|0x0000000088500000, 0x0000000088500000, 0x0000000088600000|  0%| F|  |TAMS 0x0000000088500000| PB 0x0000000088500000| Untracked |  0
|  94|0x0000000088600000, 0x0000000088600000, 0x0000000088700000|  0%| F|  |TAMS 0x0000000088600000| PB 0x0000000088600000| Untracked |  0
|  95|0x0000000088700000, 0x0000000088700000, 0x0000000088800000|  0%| F|  |TAMS 0x0000000088700000| PB 0x0000000088700000| Untracked |  0
|  96|0x0000000088800000, 0x0000000088800000, 0x0000000088900000|  0%| F|  |TAMS 0x0000000088800000| PB 0x0000000088800000| Untracked |  0
|  97|0x0000000088900000, 0x0000000088900000, 0x0000000088a00000|  0%| F|  |TAMS 0x0000000088900000| PB 0x0000000088900000| Untracked |  0
|  98|0x0000000088a00000, 0x0000000088a00000, 0x0000000088b00000|  0%| F|  |TAMS 0x0000000088a00000| PB 0x0000000088a00000| Untracked |  0
|  99|0x0000000088b00000, 0x0000000088b00000, 0x0000000088c00000|  0%| F|  |TAMS 0x0000000088b00000| PB 0x0000000088b00000| Untracked |  0
| 100|0x0000000088c00000, 0x0000000088c00000, 0x0000000088d00000|  0%| F|  |TAMS 0x0000000088c00000| PB 0x0000000088c00000| Untracked |  0
| 101|0x0000000088d00000, 0x0000000088d00000, 0x0000000088e00000|  0%| F|  |TAMS 0x0000000088d00000| PB 0x0000000088d00000| Untracked |  0
| 102|0x0000000088e00000, 0x0000000088e00000, 0x0000000088f00000|  0%| F|  |TAMS 0x0000000088e00000| PB 0x0000000088e00000| Untracked |  0
| 103|0x0000000088f00000, 0x0000000088f00000, 0x0000000089000000|  0%| F|  |TAMS 0x0000000088f00000| PB 0x0000000088f00000| Untracked |  0
| 104|0x0000000089000000, 0x0000000089000000, 0x0000000089100000|  0%| F|  |TAMS 0x0000000089000000| PB 0x0000000089000000| Untracked |  0
| 105|0x0000000089100000, 0x0000000089100000, 0x0000000089200000|  0%| F|  |TAMS 0x0000000089100000| PB 0x0000000089100000| Untracked |  0
| 106|0x0000000089200000, 0x0000000089200000, 0x0000000089300000|  0%| F|  |TAMS 0x0000000089200000| PB 0x0000000089200000| Untracked |  0
| 107|0x0000000089300000, 0x0000000089300000, 0x0000000089400000|  0%| F|  |TAMS 0x0000000089300000| PB 0x0000000089300000| Untracked |  0
| 108|0x0000000089400000, 0x0000000089400000, 0x0000000089500000|  0%| F|  |TAMS 0x0000000089400000| PB 0x0000000089400000| Untracked |  0
| 109|0x0000000089500000, 0x0000000089500000, 0x0000000089600000|  0%| F|  |TAMS 0x0000000089500000| PB 0x0000000089500000| Untracked |  0
| 110|0x0000000089600000, 0x0000000089600000, 0x0000000089700000|  0%| F|  |TAMS 0x0000000089600000| PB 0x0000000089600000| Untracked |  0
| 111|0x0000000089700000, 0x0000000089700000, 0x0000000089800000|  0%| F|  |TAMS 0x0000000089700000| PB 0x0000000089700000| Untracked |  0
| 112|0x0000000089800000, 0x0000000089800000, 0x0000000089900000|  0%| F|  |TAMS 0x0000000089800000| PB 0x0000000089800000| Untracked |  0
| 113|0x0000000089900000, 0x0000000089900000, 0x0000000089a00000|  0%| F|  |TAMS 0x0000000089900000| PB 0x0000000089900000| Untracked |  0
| 114|0x0000000089a00000, 0x0000000089a00000, 0x0000000089b00000|  0%| F|  |TAMS 0x0000000089a00000| PB 0x0000000089a00000| Untracked |  0
| 115|0x0000000089b00000, 0x0000000089b00000, 0x0000000089c00000|  0%| F|  |TAMS 0x0000000089b00000| PB 0x0000000089b00000| Untracked |  0
| 116|0x0000000089c00000, 0x0000000089c00000, 0x0000000089d00000|  0%| F|  |TAMS 0x0000000089c00000| PB 0x0000000089c00000| Untracked |  0
| 117|0x0000000089d00000, 0x0000000089d00000, 0x0000000089e00000|  0%| F|  |TAMS 0x0000000089d00000| PB 0x0000000089d00000| Untracked |  0
| 118|0x0000000089e00000, 0x0000000089e00000, 0x0000000089f00000|  0%| F|  |TAMS 0x0000000089e00000| PB 0x0000000089e00000| Untracked |  0
| 119|0x0000000089f00000, 0x0000000089f00000, 0x000000008a000000|  0%| F|  |TAMS 0x0000000089f00000| PB 0x0000000089f00000| Untracked |  0
| 120|0x000000008a000000, 0x000000008a000000, 0x000000008a100000|  0%| F|  |TAMS 0x000000008a000000| PB 0x000000008a000000| Untracked |  0
| 121|0x000000008a100000, 0x000000008a100000, 0x000000008a200000|  0%| F|  |TAMS 0x000000008a100000| PB 0x000000008a100000| Untracked |  0
| 122|0x000000008a200000, 0x000000008a200000, 0x000000008a300000|  0%| F|  |TAMS 0x000000008a200000| PB 0x000000008a200000| Untracked |  0
| 123|0x000000008a300000, 0x000000008a400000, 0x000000008a400000|100%| E|  |TAMS 0x000000008a300000| PB 0x000000008a300000| Complete |  0
| 124|0x000000008a400000, 0x000000008a500000, 0x000000008a500000|100%| E|CS|TAMS 0x000000008a400000| PB 0x000000008a400000| Complete |  0
| 125|0x000000008a500000, 0x000000008a600000, 0x000000008a600000|100%| E|CS|TAMS 0x000000008a500000| PB 0x000000008a500000| Complete |  0

Card table byte_map: [0x0000016767140000,0x0000016767530000] _byte_map_base: 0x0000016766d2c000

Marking Bits: (CMBitMap*) 0x000001674fa5abe0
 Bits: [0x0000016767530000, 0x0000016769490000)

Polling page: 0x000001674f1c0000

Metaspace:

Usage:
  Non-class:      4.78 MB used.
      Class:    443.65 KB used.
       Both:      5.21 MB used.

Virtual space:
  Non-class space:       64.00 MB reserved,       4.88 MB (  8%) committed,  1 nodes.
      Class space:        1.00 GB reserved,     512.00 KB ( <1%) committed,  1 nodes.
             Both:        1.06 GB reserved,       5.38 MB ( <1%) committed. 

Chunk freelists:
   Non-Class:  10.99 MB
       Class:  15.56 MB
        Both:  26.55 MB

MaxMetaspaceSize: unlimited
CompressedClassSpaceSize: 1.00 GB
Initial GC threshold: 21.00 MB
Current GC threshold: 21.00 MB
CDS: off
 - commit_granule_bytes: 65536.
 - commit_granule_words: 8192.
 - virtual_space_node_default_size: 8388608.
 - enlarge_chunks_in_place: 1.
 - use_allocation_guard: 0.


Internal statistics:

num_allocs_failed_limit: 0.
num_arena_births: 4.
num_arena_deaths: 0.
num_vsnodes_births: 2.
num_vsnodes_deaths: 0.
num_space_committed: 86.
num_space_uncommitted: 0.
num_chunks_returned_to_freelist: 0.
num_chunks_taken_from_freelist: 9.
num_chunk_merges: 0.
num_chunk_splits: 5.
num_chunks_enlarged: 1.
num_inconsistent_stats: 0.

CodeHeap 'non-profiled nmethods': size=120000Kb used=38Kb max_used=38Kb free=119961Kb
 bounds [0x000001675f820000, 0x000001675fa90000, 0x0000016766d50000]
CodeHeap 'profiled nmethods': size=120000Kb used=222Kb max_used=222Kb free=119778Kb
 bounds [0x0000016757d50000, 0x0000016757fc0000, 0x000001675f280000]
CodeHeap 'non-nmethods': size=5760Kb used=1216Kb max_used=1232Kb free=4543Kb
 bounds [0x000001675f280000, 0x000001675f4f0000, 0x000001675f820000]
 total_blobs=509 nmethods=168 adapters=246
 compilation: enabled
              stopped_count=0, restarted_count=0
 full_count=0

Compilation events (20 events):
Event: 0.662 Thread 0x00000167040fc720 nmethod 135 0x0000016757d7c490 code [0x0000016757d7c720, 0x0000016757d7d950]
Event: 0.667 Thread 0x00000167040fc720  136       3       java.util.HashMap::afterNodeInsertion (1 bytes)
Event: 0.667 Thread 0x00000167040fc720 nmethod 136 0x0000016757d7de10 code [0x0000016757d7dfa0, 0x0000016757d7e0a8]
Event: 0.674 Thread 0x00000167040fc720  137       3       java.io.WinNTFileSystem::normalize (148 bytes)
Event: 0.676 Thread 0x00000167040fc720 nmethod 137 0x0000016757d7e110 code [0x0000016757d7e3a0, 0x0000016757d7ee58]
Event: 0.677 Thread 0x00000167040fc720  138       3       java.util.Objects::requireNonNull (15 bytes)
Event: 0.677 Thread 0x00000167040fc720 nmethod 138 0x0000016757d7f290 code [0x0000016757d7f440, 0x0000016757d7f618]
Event: 0.681 Thread 0x00000167040fc720  139       3       java.util.zip.ZipUtils::get16 (21 bytes)
Event: 0.681 Thread 0x00000167040fc720 nmethod 139 0x0000016757d7f710 code [0x0000016757d7f8a0, 0x0000016757d7f9e8]
Event: 0.707 Thread 0x00000167040fc720  140       3       java.util.AbstractSet::<init> (5 bytes)
Event: 0.707 Thread 0x00000167040fc720 nmethod 140 0x0000016757d7fb10 code [0x0000016757d7fcc0, 0x0000016757d7fe88]
Event: 0.708 Thread 0x00000167040fc720  141       3       java.lang.AbstractStringBuilder::<init> (39 bytes)
Event: 0.708 Thread 0x00000167040fc720 nmethod 141 0x0000016757d7ff90 code [0x0000016757d80140, 0x0000016757d803b8]
Event: 0.711 Thread 0x0000016704099900  142       4       java.util.zip.ZipFile$Source::zipCoderForPos (39 bytes)
Event: 0.712 Thread 0x0000016704099900 nmethod 142 0x000001675f826a10 code [0x000001675f826ba0, 0x000001675f826c60]
Event: 0.712 Thread 0x0000016704099900  143   !   4       java.util.zip.ZipFile$Source::checkAndAddEntry (354 bytes)
Event: 0.714 Thread 0x00000167040fc720  146       3       java.lang.StringBuilder::toString (20 bytes)
Event: 0.714 Thread 0x00000167040fc720 nmethod 146 0x0000016757d80490 code [0x0000016757d80640, 0x0000016757d808b8]
Event: 0.715 Thread 0x00000167040fc720  147       3       java.lang.String::<init> (98 bytes)
Event: 0.715 Thread 0x00000167040fc720 nmethod 147 0x0000016757d80990 code [0x0000016757d80ba0, 0x0000016757d81188]

GC Heap History (0 events):
No events

Dll operation events (5 events):
Event: 0.033 Loaded shared library C:\Program Files\Java\jdk-22\bin\java.dll
Event: 0.280 Loaded shared library C:\Program Files\Java\jdk-22\bin\jsvml.dll
Event: 0.543 Loaded shared library C:\Program Files\Java\jdk-22\bin\net.dll
Event: 0.546 Loaded shared library C:\Program Files\Java\jdk-22\bin\nio.dll
Event: 0.582 Loaded shared library C:\Program Files\Java\jdk-22\bin\zip.dll

Deoptimization events (4 events):
Event: 0.503 Thread 0x000001674d874cf0 Uncommon trap: trap_request=0xffffff45 fr.pc=0x000001675f821658 relative=0x00000000000000b8
Event: 0.503 Thread 0x000001674d874cf0 Uncommon trap: reason=unstable_if action=reinterpret pc=0x000001675f821658 method=java.lang.String.isLatin1()Z @ 10 c2
Event: 0.503 Thread 0x000001674d874cf0 DEOPT PACKING pc=0x000001675f821658 sp=0x00000020e11fee50
Event: 0.503 Thread 0x000001674d874cf0 DEOPT UNPACKING pc=0x000001675f2d46a2 sp=0x00000020e11fed90 mode 2

Classes loaded (20 events):
Event: 0.596 Loading class java/security/BasicPermissionCollection
Event: 0.596 Loading class java/security/BasicPermissionCollection done
Event: 0.596 Loading class java/security/AllPermission
Event: 0.596 Loading class java/security/AllPermission done
Event: 0.596 Loading class java/security/UnresolvedPermission
Event: 0.597 Loading class java/security/UnresolvedPermission done
Event: 0.597 Loading class java/security/SecureClassLoader$DebugHolder
Event: 0.597 Loading class java/security/SecureClassLoader$DebugHolder done
Event: 0.599 Loading class jdk/internal/misc/MethodFinder
Event: 0.599 Loading class jdk/internal/misc/MethodFinder done
Event: 0.599 Loading class jdk/internal/misc/PreviewFeatures
Event: 0.599 Loading class jdk/internal/misc/PreviewFeatures done
Event: 0.599 Loading class java/lang/NoSuchFieldException
Event: 0.599 Loading class java/lang/NoSuchFieldException done
Event: 0.599 Loading class java/lang/IllegalAccessException
Event: 0.599 Loading class java/lang/IllegalAccessException done
Event: 0.600 Loading class java/io/IOException
Event: 0.600 Loading class java/io/IOException done
Event: 0.600 Loading class jdk/internal/loader/URLClassPath$FileLoader
Event: 0.600 Loading class jdk/internal/loader/URLClassPath$FileLoader done

Classes unloaded (0 events):
No events

Classes redefined (0 events):
No events

Internal exceptions (0 events):
No events

ZGC Phase Switch (0 events):
No events

VM Operations (2 events):
Event: 0.586 Executing VM operation: HandshakeAllThreads (Deoptimize)
Event: 0.586 Executing VM operation: HandshakeAllThreads (Deoptimize) done

Memory protections (0 events):
No events

Nmethod flushes (0 events):
No events

Events (11 events):
Event: 0.057 Thread 0x000001674d874cf0 Thread added: 0x000001674d874cf0
Event: 0.271 Thread 0x000001674d874cf0 Thread added: 0x00000167040644d0
Event: 0.271 Thread 0x000001674d874cf0 Thread added: 0x0000016704065610
Event: 0.277 Thread 0x000001674d874cf0 Thread added: 0x000001670405a970
Event: 0.277 Thread 0x000001674d874cf0 Thread added: 0x000001670405b3d0
Event: 0.277 Thread 0x000001674d874cf0 Thread added: 0x000001670405be30
Event: 0.278 Thread 0x000001674d874cf0 Thread added: 0x0000016704072370
Event: 0.278 Thread 0x000001674d874cf0 Thread added: 0x0000016704099900
Event: 0.285 Thread 0x000001674d874cf0 Thread added: 0x00000167040fc720
Event: 0.498 Thread 0x000001674d874cf0 Thread added: 0x0000016704236940
Event: 0.517 Thread 0x000001674d874cf0 Thread added: 0x0000016704242fa0


Dynamic libraries:
0x00007ff7559c0000 - 0x00007ff7559d0000 	C:\Program Files\Java\jdk-22\bin\javaw.exe
0x00007ffbe3230000 - 0x00007ffbe3447000 	C:\WINDOWS\SYSTEM32\ntdll.dll
0x00007ffbe1bf0000 - 0x00007ffbe1cb4000 	C:\WINDOWS\System32\KERNEL32.DLL
0x00007ffbe0540000 - 0x00007ffbe08f7000 	C:\WINDOWS\System32\KERNELBASE.dll
0x00007ffbe0cf0000 - 0x00007ffbe0e01000 	C:\WINDOWS\System32\ucrtbase.dll
0x00007ffbd2f20000 - 0x00007ffbd2f37000 	C:\Program Files\Java\jdk-22\bin\jli.dll
0x00007ffbe2030000 - 0x00007ffbe21df000 	C:\WINDOWS\System32\USER32.dll
0x00007ffbe0e10000 - 0x00007ffbe0e36000 	C:\WINDOWS\System32\win32u.dll
0x00007ffbe0f60000 - 0x00007ffbe0f89000 	C:\WINDOWS\System32\GDI32.dll
0x00007ffbe0e40000 - 0x00007ffbe0f58000 	C:\WINDOWS\System32\gdi32full.dll
0x00007ffbe0ab0000 - 0x00007ffbe0b4a000 	C:\WINDOWS\System32\msvcp_win.dll
0x00007ffbd2f00000 - 0x00007ffbd2f1b000 	C:\Program Files\Java\jdk-22\bin\VCRUNTIME140.dll
0x00007ffbba700000 - 0x00007ffbba993000 	C:\WINDOWS\WinSxS\amd64_microsoft.windows.common-controls_6595b64144ccf1df_6.0.22621.3672_none_2713b9d173822955\COMCTL32.dll
0x00007ffbe1e00000 - 0x00007ffbe1ea7000 	C:\WINDOWS\System32\msvcrt.dll
0x00007ffbe1010000 - 0x00007ffbe1041000 	C:\WINDOWS\System32\IMM32.DLL
0x00007ffbd95b0000 - 0x00007ffbd95bc000 	C:\Program Files\Java\jdk-22\bin\vcruntime140_1.dll
0x00007ffbd2e70000 - 0x00007ffbd2efe000 	C:\Program Files\Java\jdk-22\bin\msvcp140.dll
0x00007ffb1ed50000 - 0x00007ffb1fa99000 	C:\Program Files\Java\jdk-22\bin\server\jvm.dll
0x00007ffbe1cc0000 - 0x00007ffbe1d72000 	C:\WINDOWS\System32\ADVAPI32.dll
0x00007ffbe16c0000 - 0x00007ffbe1768000 	C:\WINDOWS\System32\sechost.dll
0x00007ffbe0cc0000 - 0x00007ffbe0ce8000 	C:\WINDOWS\System32\bcrypt.dll
0x00007ffbe1150000 - 0x00007ffbe1264000 	C:\WINDOWS\System32\RPCRT4.dll
0x00007ffbe1d80000 - 0x00007ffbe1df1000 	C:\WINDOWS\System32\WS2_32.dll
0x00007ffbe0410000 - 0x00007ffbe045d000 	C:\WINDOWS\SYSTEM32\POWRPROF.dll
0x00007ffbda930000 - 0x00007ffbda964000 	C:\WINDOWS\SYSTEM32\WINMM.dll
0x00007ffbd8880000 - 0x00007ffbd888a000 	C:\WINDOWS\SYSTEM32\VERSION.dll
0x00007ffbe03f0000 - 0x00007ffbe0403000 	C:\WINDOWS\SYSTEM32\UMPDC.dll
0x00007ffbdf590000 - 0x00007ffbdf5a8000 	C:\WINDOWS\SYSTEM32\kernel.appcore.dll
0x00007ffbd4d40000 - 0x00007ffbd4d4a000 	C:\Program Files\Java\jdk-22\bin\jimage.dll
0x00007ffbdc2c0000 - 0x00007ffbdc4f2000 	C:\WINDOWS\SYSTEM32\DBGHELP.DLL
0x00007ffbe2c00000 - 0x00007ffbe2f8e000 	C:\WINDOWS\System32\combase.dll
0x00007ffbe14a0000 - 0x00007ffbe1577000 	C:\WINDOWS\System32\OLEAUT32.dll
0x00007ffbd9150000 - 0x00007ffbd9182000 	C:\WINDOWS\SYSTEM32\dbgcore.DLL
0x00007ffbe0a30000 - 0x00007ffbe0aab000 	C:\WINDOWS\System32\bcryptPrimitives.dll
0x00007ffbd2e50000 - 0x00007ffbd2e6e000 	C:\Program Files\Java\jdk-22\bin\java.dll
0x00007ffbe2390000 - 0x00007ffbe2bf9000 	C:\WINDOWS\System32\SHELL32.dll
0x00007ffbe21e0000 - 0x00007ffbe2385000 	C:\WINDOWS\System32\ole32.dll
0x00007ffbde480000 - 0x00007ffbded7f000 	C:\WINDOWS\SYSTEM32\windows.storage.dll
0x00007ffbde340000 - 0x00007ffbde47f000 	C:\WINDOWS\SYSTEM32\wintypes.dll
0x00007ffbe1050000 - 0x00007ffbe1149000 	C:\WINDOWS\System32\SHCORE.dll
0x00007ffbe1270000 - 0x00007ffbe12ce000 	C:\WINDOWS\System32\shlwapi.dll
0x00007ffbe0470000 - 0x00007ffbe0497000 	C:\WINDOWS\SYSTEM32\profapi.dll
0x00007ffb88e10000 - 0x00007ffb88ee7000 	C:\Program Files\Java\jdk-22\bin\jsvml.dll
0x00007ffbd4c90000 - 0x00007ffbd4ca0000 	C:\Program Files\Java\jdk-22\bin\net.dll
0x00007ffbdfa00000 - 0x00007ffbdfa69000 	C:\WINDOWS\system32\mswsock.dll
0x00007ffbd2e30000 - 0x00007ffbd2e46000 	C:\Program Files\Java\jdk-22\bin\nio.dll
0x00007ffbd2e10000 - 0x00007ffbd2e27000 	C:\Program Files\Java\jdk-22\bin\zip.dll

dbghelp: loaded successfully - version: 4.0.5 - missing functions: none
symbol engine: initialized successfully - sym options: 0x614 - pdb path: .;C:\Program Files\Java\jdk-22\bin;C:\WINDOWS\SYSTEM32;C:\WINDOWS\WinSxS\amd64_microsoft.windows.common-controls_6595b64144ccf1df_6.0.22621.3672_none_2713b9d173822955;C:\Program Files\Java\jdk-22\bin\server

VM Arguments:
jvm_args: -ea -Dfile.encoding=UTF-8 -Dstdout.encoding=UTF-8 -Dstderr.encoding=UTF-8 -XX:+ShowCodeDetailsInExceptionMessages 
java_command: org.testng.remote.RemoteTestNG -serport 54756 -protocol json -d C:\Users\bobad\git\Amazon\Amazon\test-output C:\Users\bobad\git\Amazon\Amazon\testng.xml
java_class_path (initial): C:\Users\bobad\eclipse\java-2024-06\eclipse\configuration\org.eclipse.osgi\523\0\.cp\lib\testng-remote.jar;C:\Users\bobad\git\Amazon\Amazon\target\test-classes;C:\Users\bobad\git\Amazon\Amazon\target\classes;C:\Users\bobad\.m2\repository\org\seleniumhq\selenium\selenium-java\4.18.1\selenium-java-4.18.1.jar;C:\Users\bobad\.m2\repository\org\seleniumhq\selenium\selenium-api\4.18.1\selenium-api-4.18.1.jar;C:\Users\bobad\.m2\repository\org\seleniumhq\selenium\selenium-chrome-driver\4.18.1\selenium-chrome-driver-4.18.1.jar;C:\Users\bobad\.m2\repository\com\google\auto\service\auto-service-annotations\1.1.1\auto-service-annotations-1.1.1.jar;C:\Users\bobad\.m2\repository\org\seleniumhq\selenium\selenium-chromium-driver\4.18.1\selenium-chromium-driver-4.18.1.jar;C:\Users\bobad\.m2\repository\org\seleniumhq\selenium\selenium-json\4.18.1\selenium-json-4.18.1.jar;C:\Users\bobad\.m2\repository\org\seleniumhq\selenium\selenium-manager\4.18.1\selenium-manager-4.18.1.jar;C:\Users\bobad\.m2\repository\org\seleniumhq\selenium\selenium-devtools-v120\4.18.1\selenium-devtools-v120-4.18.1.jar;C:\Users\bobad\.m2\repository\org\seleniumhq\selenium\selenium-devtools-v121\4.18.1\selenium-devtools-v121-4.18.1.jar;C:\Users\bobad\.m2\repository\org\seleniumhq\selenium\selenium-devtools-v122\4.18.1\selenium-devtools-v122-4.18.1.jar;C:\Users\bobad\.m2\repository\org\seleniumhq\selenium\selenium-devtools-v85\4.18.1\selenium-devtools-v85-4.18.1.jar;C:\Users\bobad\.m2\repository\org\seleniumhq\selenium\selenium-edge-driver\4.18.1\selenium-edge-driver-4.18.1.jar;C:\Users\bobad\.m2\repository\org\seleniumhq\selenium\selenium-firefox-driver\4.18.1\selenium-firefox-driver-4.18.1.jar;C:\Users\bobad\.m2\repository\org\seleniumhq\selenium\selenium-http\4.18.1\selenium-http-4.18.1.jar;C:\Users\bobad\.m2\repository\dev\failsafe\failsafe\3.3.2\failsafe-3.3.2.jar;C:\Users\bobad\.m2\repository\org\seleniumhq\selenium\selenium-ie-driver\4.18.1\selenium-ie-driver-4.18.1.jar;C:\Users\bobad\.m2\repository\org\seleniumhq\selenium\selenium-remote-driver\4.18.1\selenium-remote-driver-4.18.1.jar;C:\Users\bobad\.m2\repository\com\google\guava\guava\33.0.0-jre\guava-33.0.0-jre.jar;C:\Users\bobad\.m2\repository\com\google\guava\failureaccess\1.0.2\failureaccess-1.0.2.jar;C:\Users\bobad\.m2\repository\com\google\guava\listenablefuture\9999.0-empty-to-avoid-conflict-with-guava\listenablefuture-9999.0-empty-to-avoid-conflict-with-guava.jar;C:\Users\bobad\.m2\repository\com\google\code\findbugs\jsr305\3.0.2\jsr305-3.0.2.jar;C:\Users\bobad\.m2\repository\org\checkerframework\checker-qual\3.41.0\checker-qual-3.41.0.jar;C:\Users\bobad\.m2\repository\com\google\errorprone\error_prone_annotations\2.23.0\error_prone_annotations-2.23.0.jar;C:\Users\bobad\.m2\repository\com\google\j2objc\j2objc-annotations\2.8\j2objc-annotations-2.8.jar;C:\Users\bobad\.m2\repository\io\opentelemetry\semconv\opentelemetry-semconv\1.23.1-alpha\opentelemetry-semconv-1.23.1-alpha.jar;C:\Users\bobad\.m2\repository\io\opentelemetry\opentelemetry-api\1.35.0\opentelemetry-api-1.35.0.jar;C:\Users\bobad\.m2\repository\io\opentelemetry\opentelemetry-context\1.35.0\opentelemetry-context-1.35.0.jar;C:\Users\bobad\.m2\repository\io\opentelemetry\opentelemetry-exporter-logging\1.35.0\opentelemetry-exporter-logging-1.35.0.jar;C:\Users\bobad\.m2\repository\io\opentelemetry\opentelemetry-sdk-common\1.35.0\opentelemetry-sdk-common-1.35.0.jar;C:\Users\bobad\.m2\repository\io\opentelemetry\opentelemetry-sdk-extension-autoconfigure-spi\1.35.0\opentelemetry-sdk-extension-autoconfigure-spi-1.35.0.jar;C:\Users\bobad\.m2\repository\io\opentelemetry\opentelemetry-sdk-extension-autoconfigure\1.35.0\opentelemetry-sdk-extension-autoconfigure-1.35.0.jar;C:\Users\bobad\.m2\repository\io\opentelemetry\opentelemetry-api-events\1.35.0-alpha\opentelemetry-api-events-1.35.0-alpha.jar;C:\Users\bobad\.m2\repository\io\opentelemetry\opentelemetry-sdk-trace\1.35.0\opentelemetry-sdk-trace-1.35.0.jar;C:\Users\bobad\.m2\repository\io\opentelemetry\opentelemetry-extension-incubator\1.35.0-alpha\opentelemetry-extension-incubator-1.35.0-alpha.jar;C:\Users\bobad\.m2\repository\io\opentelemetry\opentelemetry-sdk\1.35.0\opentelemetry-sdk-1.35.0.jar;C:\Users\bobad\.m2\repository\io\opentelemetry\opentelemetry-sdk-metrics\1.35.0\opentelemetry-sdk-metrics-1.35.0.jar;C:\Users\bobad\.m2\repository\io\opentelemetry\opentelemetry-sdk-logs\1.35.0\opentelemetry-sdk-logs-1.35.0.jar;C:\Users\bobad\.m2\repository\net\bytebuddy\byte-buddy\1.14.12\byte-buddy-1.14.12.jar;C:\Users\bobad\.m2\repository\org\seleniumhq\selenium\selenium-os\4.18.1\selenium-os-4.18.1.jar;C:\Users\bobad\.m2\repository\org\apache\commons\commons-exec\1.3\commons-exec-1.3.jar;C:\Users\bobad\.m2\repository\org\seleniumhq\selenium\selenium-safari-driver\4.18.1\selenium-safari-driver-4.18.1.jar;C:\Users\bobad\.m2\repository\org\seleniumhq\selenium\selenium-support\4.18.1\selenium-support-4.18.1.jar;C:\Users\bobad\.m2\repository\org\apache\poi\poi\5.2.2\poi-5.2.2.jar;C:\Users\bobad\.m2\repository\commons-codec\commons-codec\1.15\commons-codec-1.15.jar;C:\Users\bobad\.m2\repository\org\apache\commons\commons-collections4\4.4\commons-collections4-4.4.jar;C:\Users\bobad\.m2\repository\org\apache\commons\commons-math3\3.6.1\commons-math3-3.6.1.jar;C:\Users\bobad\.m2\repository\com\zaxxer\SparseBitSet\1.2\SparseBitSet-1.2.jar;C:\Users\bobad\.m2\repository\org\apache\logging\log4j\log4j-api\2.17.2\log4j-api-2.17.2.jar;C:\Users\bobad\.m2\repository\org\apache\poi\poi-ooxml\5.2.2\poi-ooxml-5.2.2.jar;C:\Users\bobad\.m2\repository\org\apache\poi\poi-ooxml-lite\5.2.2\poi-ooxml-lite-5.2.2.jar;C:\Users\bobad\.m2\repository\org\apache\xmlbeans\xmlbeans\5.0.3\xmlbeans-5.0.3.jar;C:\Users\bobad\.m2\repository\org\apache\commons\commons-compress\1.21\commons-compress-1.21.jar;C:\Users\bobad\.m2\repository\com\github\virtuald\curvesapi\1.07\curvesapi-1.07.jar;C:\Users\bobad\.m2\repository\commons-io\commons-io\2.11.0\commons-io-2.11.0.jar;C:\Users\bobad\.m2\repository\org\testng\testng\6.9.10\testng-6.9.10.jar;C:\Users\bobad\.m2\repository\com\beust\jcommander\1.48\jcommander-1.48.jar;C:\Users\bobad\.m2\repository\org\beanshell\bsh\2.0b4\bsh-2.0b4.jar
Launcher Type: SUN_STANDARD

[Global flags]
     intx CICompilerCount                          = 3                                         {product} {ergonomic}
     uint ConcGCThreads                            = 1                                         {product} {ergonomic}
     uint G1ConcRefinementThreads                  = 4                                         {product} {ergonomic}
   size_t G1HeapRegionSize                         = 1048576                                   {product} {ergonomic}
   size_t InitialHeapSize                          = 132120576                                 {product} {ergonomic}
   size_t MarkStackSize                            = 4194304                                   {product} {ergonomic}
   size_t MaxHeapSize                              = 2105540608                                {product} {ergonomic}
   size_t MaxNewSize                               = 1262485504                                {product} {ergonomic}
   size_t MinHeapDeltaBytes                        = 1048576                                   {product} {ergonomic}
   size_t MinHeapSize                              = 8388608                                   {product} {ergonomic}
    uintx NonNMethodCodeHeapSize                   = 5832780                                {pd product} {ergonomic}
    uintx NonProfiledCodeHeapSize                  = 122912730                              {pd product} {ergonomic}
    uintx ProfiledCodeHeapSize                     = 122912730                              {pd product} {ergonomic}
    uintx ReservedCodeCacheSize                    = 251658240                              {pd product} {ergonomic}
     bool SegmentedCodeCache                       = true                                      {product} {ergonomic}
     bool ShowCodeDetailsInExceptionMessages       = true                                   {manageable} {command line}
   size_t SoftMaxHeapSize                          = 2105540608                             {manageable} {ergonomic}
     bool UseCompressedOops                        = true                           {product lp64_product} {ergonomic}
     bool UseG1GC                                  = true                                      {product} {ergonomic}
     bool UseLargePagesIndividualAllocation        = false                                  {pd product} {ergonomic}

Logging:
Log output configuration:
 #0: stdout all=warning uptime,level,tags foldmultilines=false
 #1: stderr all=off uptime,level,tags foldmultilines=false

Environment Variables:
PATH=C:\Program Files\Common Files\Oracle\Java\javapath;C:\WINDOWS\system32;C:\WINDOWS;C:\WINDOWS\System32\Wbem;C:\WINDOWS\System32\WindowsPowerShell\v1.0\;C:\WINDOWS\System32\OpenSSH\;C:\Program Files (x86)\Microsoft SQL Server\150\Tools\Binn\;C:\Program Files\Microsoft SQL Server\150\Tools\Binn\;C:\Program Files (x86)\Microsoft SQL Server\150\DTS\Binn\;C:\Program Files\Microsoft SQL Server\150\DTS\Binn\;C:\Program Files\Microsoft SQL Server\Client SDK\ODBC\170\Tools\Binn\;C:\Program Files (x86)\Microsoft SQL Server\160\Tools\Binn\;C:\Program Files\Microsoft SQL Server\160\Tools\Binn\;C:\Program Files\Microsoft SQL Server\160\DTS\Binn\;C:\Program Files (x86)\Microsoft SQL Server\160\DTS\Binn\;C:\Program Files\nodejs\;C:\Users\bobad\AppData\Local\Microsoft\WindowsApps;;C:\Program Files\Azure Data Studio\bin;C:\Users\bobad\AppData\Roaming\npm
USERNAME=bobad
OS=Windows_NT
PROCESSOR_IDENTIFIER=Intel64 Family 6 Model 142 Stepping 12, GenuineIntel
TMP=C:\Users\bobad\AppData\Local\Temp
TEMP=C:\Users\bobad\AppData\Local\Temp




Periodic native trim disabled

---------------  S Y S T E M  ---------------

OS:
 Windows 11 , 64 bit Build 22621 (10.0.22621.3958)
OS uptime: 11 days 14:46 hours

CPU: total 4 (initial active 4) (2 cores per cpu, 2 threads per core) family 6 model 142 stepping 12 microcode 0xea, cx8, cmov, fxsr, ht, mmx, 3dnowpref, sse, sse2, sse3, ssse3, sse4.1, sse4.2, popcnt, lzcnt, tsc, tscinvbit, avx, avx2, aes, erms, clmul, bmi1, bmi2, adx, fma, vzeroupper, clflush, clflushopt, rdtscp, f16c
Processor Information for all 4 processors :
  Max Mhz: 2592, Current Mhz: 2093, Mhz Limit: 2073

Memory: 4k page, system-wide physical 8026M (1145M free)
TotalPageFile size 19251M (AvailPageFile size 60M)
current process WorkingSet (physical memory assigned to process): 35M, peak: 35M
current process commit charge ("private bytes"): 195M, peak: 195M

vm_info: Java HotSpot(TM) 64-Bit Server VM (22.0.2+9-70) for windows-amd64 JRE (22.0.2+9-70), built on 2024-06-04T16:52:23Z by "mach5one" with MS VC++ 17.6 (VS2022)

END.
