#
# There is insufficient memory for the Java Runtime Environment to continue.
# Native memory allocation (malloc) failed to allocate 629568 bytes. Error detail: Chunk::new
# Possible reasons:
#   The system is out of physical RAM or swap space
#   This process is running with CompressedOops enabled, and the Java Heap may be blocking the growth of the native heap
# Possible solutions:
#   Reduce memory load on the system
#   Increase physical memory or swap space
#   Check if swap backing store is full
#   Decrease Java heap size (-Xmx/-Xms)
#   Decrease number of Java threads
#   Decrease Java thread stack sizes (-Xss)
#   Set larger code cache with -XX:ReservedCodeCacheSize=
#   JVM is running with Unscaled Compressed Oops mode in which the Java heap is
#     placed in the first 4GB address space. The Java Heap base address is the
#     maximum limit for the native heap growth. Please use -XX:HeapBaseMinAddress
#     to set the Java Heap base and to place the Java Heap above 4GB virtual address.
# This output file may be truncated or incomplete.
#
#  Out of Memory Error (arena.cpp:150), pid=19104, tid=21340
#
# JRE version: Java(TM) SE Runtime Environment (22.0.2+9) (build 22.0.2+9-70)
# Java VM: Java HotSpot(TM) 64-Bit Server VM (22.0.2+9-70, mixed mode, sharing, tiered, compressed oops, compressed class ptrs, g1 gc, windows-amd64)
# No core dump will be written. Minidumps are not enabled by default on client versions of Windows
#

---------------  S U M M A R Y ------------

Command Line: -ea -Dfile.encoding=UTF-8 -Dstdout.encoding=UTF-8 -Dstderr.encoding=UTF-8 -XX:+ShowCodeDetailsInExceptionMessages org.testng.remote.RemoteTestNG -serport 53760 -protocol json -d C:\BANK\Amazon\test-output C:\BANK\Amazon\testng.xml

Host: Intel(R) Core(TM) i3-10110U CPU @ 2.10GHz, 4 cores, 7G,  Windows 11 , 64 bit Build 22621 (10.0.22621.3958)
Time: Fri Oct 11 16:48:23 2024 India Standard Time elapsed time: 53.143380 seconds (0d 0h 0m 53s)

---------------  T H R E A D  ---------------

Current thread (0x000001ede8f7d530):  JavaThread "C2 CompilerThread0" daemon [_thread_in_native, id=21340, stack(0x00000012cde00000,0x00000012cdf00000) (1024K)]


Current CompileTask:
C2:53143 3337       4       org.testng.shaded.com.google.gson.stream.JsonWriter::string (171 bytes)

Stack: [0x00000012cde00000,0x00000012cdf00000]
Native frames: (J=compiled Java code, j=interpreted, Vv=VM code, C=native code)
V  [jvm.dll+0x6e26e9]  (no source info available)
V  [jvm.dll+0x875753]  (no source info available)
V  [jvm.dll+0x877b7e]  (no source info available)
V  [jvm.dll+0x878253]  (no source info available)
V  [jvm.dll+0x27fc86]  (no source info available)
V  [jvm.dll+0xc3d0f]  (no source info available)
V  [jvm.dll+0xc3f6b]  (no source info available)
V  [jvm.dll+0x3bb47c]  (no source info available)
V  [jvm.dll+0x387d4b]  (no source info available)
V  [jvm.dll+0x3871ba]  (no source info available)
V  [jvm.dll+0x2477f8]  (no source info available)
V  [jvm.dll+0x246e9f]  (no source info available)
V  [jvm.dll+0x1c4e80]  (no source info available)
V  [jvm.dll+0x2568f3]  (no source info available)
V  [jvm.dll+0x254baa]  (no source info available)
V  [jvm.dll+0x3f57a6]  (no source info available)
V  [jvm.dll+0x81dc0b]  (no source info available)
V  [jvm.dll+0x6e0d85]  (no source info available)
C  [ucrtbase.dll+0x29333]  (no source info available)
C  [KERNEL32.DLL+0x1257d]  (no source info available)
C  [ntdll.dll+0x5af08]  (no source info available)


---------------  P R O C E S S  ---------------

Threads class SMR info:
_java_thread_list=0x000001edc518bde0, length=107, elements={
0x000001edcaf05480, 0x000001ede8f67ab0, 0x000001ede8f69760, 0x000001ede8f6c7d0,
0x000001ede8f758f0, 0x000001ede8f78b00, 0x000001ede8f79560, 0x000001ede8f7d530,
0x000001ede8f8f120, 0x000001edc520c700, 0x000001edc5218d60, 0x000001edc5783e50,
0x000001edc61410c0, 0x000001edc6141730, 0x000001edc6280bb0, 0x000001edc6293040,
0x000001edc62936b0, 0x000001edc5d03a40, 0x000001edc6268240, 0x000001edc62688d0,
0x000001edc6268f60, 0x000001edc6269c80, 0x000001edc6266e90, 0x000001edc62695f0,
0x000001edc6267520, 0x000001edc6861460, 0x000001edc6860740, 0x000001edc685ed00,
0x000001edc6862180, 0x000001edc6862810, 0x000001edc685f390, 0x000001edc685dfe0,
0x000001edc6862ea0, 0x000001edc685fa20, 0x000001edc685cc30, 0x000001edc68600b0,
0x000001edc685e670, 0x000001edc6863530, 0x000001edc6860dd0, 0x000001edc6863bc0,
0x000001edc685d2c0, 0x000001edc685d950, 0x000001edc6267bb0, 0x000001edc5156d30,
0x000001edc5157a50, 0x000001edc5159b20, 0x000001edc51580e0, 0x000001edc515a1b0,
0x000001edc51566a0, 0x000001edc51573c0, 0x000001edc5158770, 0x000001edc5153f40,
0x000001edc515a840, 0x000001edc515b560, 0x000001edc5158e00, 0x000001edc5159490,
0x000001edc515aed0, 0x000001edc5154c60, 0x000001edc51552f0, 0x000001edc5155980,
0x000001edc6861af0, 0x000001edc56168d0, 0x000001edc5615520, 0x000001edc5618310,
0x000001edc5614170, 0x000001edc5616f60, 0x000001edc56175f0, 0x000001edc56189a0,
0x000001edc5617c80, 0x000001edc5614800, 0x000001edc5614e90, 0x000001edc5615bb0,
0x000001edc5619030, 0x000001edc5612dc0, 0x000001edc5613450, 0x000001edc5616240,
0x000001edc5612730, 0x000001edc56196c0, 0x000001edc5619d50, 0x000001edc5613ae0,
0x000001edc51545d0, 0x000001edc5156010, 0x000001edc5707600, 0x000001edc570c4c0,
0x000001edc5709d60, 0x000001edc5708320, 0x000001edc57068e0, 0x000001edc570b110,
0x000001edc57089b0, 0x000001edc5709040, 0x000001edc570cb50, 0x000001edc57096d0,
0x000001edc570b7a0, 0x000001edc570be30, 0x000001edc570a3f0, 0x000001edc570d1e0,
0x000001edc570d870, 0x000001edc570df00, 0x000001edc5706f70, 0x000001edc5707c90,
0x000001edc53d5db0, 0x000001edc53d8ba0, 0x000001edc53d98c0, 0x000001edc53d6440,
0x000001edc53d6ad0, 0x000001edc53da5e0, 0x000001edc53d7160
}

Java Threads: ( => current thread )
  0x000001edcaf05480 JavaThread "main"                              [_thread_blocked, id=22560, stack(0x00000012cd000000,0x00000012cd100000) (1024K)]
  0x000001ede8f67ab0 JavaThread "Reference Handler"          daemon [_thread_blocked, id=10072, stack(0x00000012cd800000,0x00000012cd900000) (1024K)]
  0x000001ede8f69760 JavaThread "Finalizer"                  daemon [_thread_blocked, id=25760, stack(0x00000012cd900000,0x00000012cda00000) (1024K)]
  0x000001ede8f6c7d0 JavaThread "Signal Dispatcher"          daemon [_thread_blocked, id=16000, stack(0x00000012cda00000,0x00000012cdb00000) (1024K)]
  0x000001ede8f758f0 JavaThread "Attach Listener"            daemon [_thread_blocked, id=15508, stack(0x00000012cdb00000,0x00000012cdc00000) (1024K)]
  0x000001ede8f78b00 JavaThread "Service Thread"             daemon [_thread_blocked, id=23220, stack(0x00000012cdc00000,0x00000012cdd00000) (1024K)]
  0x000001ede8f79560 JavaThread "Monitor Deflation Thread"   daemon [_thread_blocked, id=1776, stack(0x00000012cdd00000,0x00000012cde00000) (1024K)]
=>0x000001ede8f7d530 JavaThread "C2 CompilerThread0"         daemon [_thread_in_native, id=21340, stack(0x00000012cde00000,0x00000012cdf00000) (1024K)]
  0x000001ede8f8f120 JavaThread "C1 CompilerThread0"         daemon [_thread_blocked, id=17596, stack(0x00000012cdf00000,0x00000012ce000000) (1024K)]
  0x000001edc520c700 JavaThread "Notification Thread"        daemon [_thread_blocked, id=13580, stack(0x00000012ce000000,0x00000012ce100000) (1024K)]
  0x000001edc5218d60 JavaThread "Common-Cleaner"             daemon [_thread_blocked, id=25156, stack(0x00000012ce100000,0x00000012ce200000) (1024K)]
  0x000001edc5783e50 JavaThread "ReaderThread"                      [_thread_in_native, id=19352, stack(0x00000012ce400000,0x00000012ce500000) (1024K)]
  0x000001edc61410c0 JavaThread "ForkJoinPool.commonPool-worker-1" daemon [_thread_blocked, id=8256, stack(0x00000012ce800000,0x00000012ce900000) (1024K)]
  0x000001edc6141730 JavaThread "ForkJoinPool.commonPool-worker-2" daemon [_thread_blocked, id=23380, stack(0x00000012ce900000,0x00000012cea00000) (1024K)]
  0x000001edc6280bb0 JavaThread "ForkJoinPool.commonPool-worker-3" daemon [_thread_blocked, id=10828, stack(0x00000012cea00000,0x00000012ceb00000) (1024K)]
  0x000001edc6293040 JavaThread "TestNG-tests-1"                    [_thread_blocked, id=16252, stack(0x00000012ceb00000,0x00000012cec00000) (1024K)]
  0x000001edc62936b0 JavaThread "TestNG-tests-2"                    [_thread_blocked, id=8840, stack(0x00000012cec00000,0x00000012ced00000) (1024K)]
  0x000001edc5d03a40 JavaThread "TestNG-tests-3"                    [_thread_blocked, id=18036, stack(0x00000012ced00000,0x00000012cee00000) (1024K)]
  0x000001edc6268240 JavaThread "HttpClient-2-SelectorManager" daemon [_thread_in_native, id=15364, stack(0x00000012cef00000,0x00000012cf000000) (1024K)]
  0x000001edc62688d0 JavaThread "HttpClient-1-SelectorManager" daemon [_thread_in_native, id=20100, stack(0x00000012cf100000,0x00000012cf200000) (1024K)]
  0x000001edc6268f60 JavaThread "External Process Output Forwarder - C:\Users\bobad\.cache\selenium\msedgedriver\win64\129.0.2792.79\msedgedriver.exe" daemon [_thread_in_native, id=19204, stack(0x00000012cf200000,0x00000012cf300000) (1024K)]
  0x000001edc6269c80 JavaThread "Driver Service Executor"    daemon [_thread_blocked, id=23164, stack(0x00000012cf300000,0x00000012cf400000) (1024K)]
  0x000001edc6266e90 JavaThread "Driver Service Executor"    daemon [_thread_blocked, id=23548, stack(0x00000012cf400000,0x00000012cf500000) (1024K)]
  0x000001edc62695f0 JavaThread "External Process Output Forwarder - C:\Users\bobad\.cache\selenium\geckodriver\win64\0.35.0\geckodriver.exe" daemon [_thread_in_native, id=5808, stack(0x00000012cf500000,0x00000012cf600000) (1024K)]
  0x000001edc6267520 JavaThread "Driver Service Executor"    daemon [_thread_blocked, id=27004, stack(0x00000012cf600000,0x00000012cf700000) (1024K)]
  0x000001edc6861460 JavaThread "Driver Service Executor"    daemon [_thread_blocked, id=7096, stack(0x00000012cf700000,0x00000012cf800000) (1024K)]
  0x000001edc6860740 JavaThread "UrlChecker-2"               daemon [_thread_blocked, id=27492, stack(0x00000012cf800000,0x00000012cf900000) (1024K)]
  0x000001edc685ed00 JavaThread "pool-1-thread-1"                   [_thread_blocked, id=16728, stack(0x00000012cf900000,0x00000012cfa00000) (1024K)]
  0x000001edc6862180 JavaThread "pool-1-thread-2"                   [_thread_blocked, id=16280, stack(0x00000012cfa00000,0x00000012cfb00000) (1024K)]
  0x000001edc6862810 JavaThread "pool-2-thread-1"                   [_thread_blocked, id=4144, stack(0x00000012cfb00000,0x00000012cfc00000) (1024K)]
  0x000001edc685f390 JavaThread "pool-2-thread-2"                   [_thread_blocked, id=16076, stack(0x00000012cfc00000,0x00000012cfd00000) (1024K)]
  0x000001edc685dfe0 JavaThread "HttpClient-3-SelectorManager" daemon [_thread_in_native, id=3816, stack(0x00000012cf000000,0x00000012cf100000) (1024K)]
  0x000001edc6862ea0 JavaThread "HttpClient-4-SelectorManager" daemon [_thread_in_native, id=26452, stack(0x00000012cfd00000,0x00000012cfe00000) (1024K)]
  0x000001edc685fa20 JavaThread "pool-4-thread-1"                   [_thread_blocked, id=16460, stack(0x00000012cfe00000,0x00000012cff00000) (1024K)]
  0x000001edc685cc30 JavaThread "pool-4-thread-2"                   [_thread_blocked, id=23508, stack(0x00000012cff00000,0x00000012d0000000) (1024K)]
  0x000001edc68600b0 JavaThread "pool-4-thread-3"                   [_thread_blocked, id=3060, stack(0x00000012d0000000,0x00000012d0100000) (1024K)]
  0x000001edc685e670 JavaThread "External Process Output Forwarder - C:\Users\bobad\.cache\selenium\chromedriver\win64\129.0.6668.100\chromedriver.exe" daemon [_thread_in_native, id=24268, stack(0x00000012d0100000,0x00000012d0200000) (1024K)]
  0x000001edc6863530 JavaThread "Driver Service Executor"    daemon [_thread_blocked, id=19216, stack(0x00000012d0200000,0x00000012d0300000) (1024K)]
  0x000001edc6860dd0 JavaThread "Driver Service Executor"    daemon [_thread_blocked, id=19920, stack(0x00000012d0300000,0x00000012d0400000) (1024K)]
  0x000001edc6863bc0 JavaThread "pool-3-thread-1"                   [_thread_blocked, id=23564, stack(0x00000012d0400000,0x00000012d0500000) (1024K)]
  0x000001edc685d2c0 JavaThread "pool-3-thread-2"                   [_thread_blocked, id=25408, stack(0x00000012d0500000,0x00000012d0600000) (1024K)]
  0x000001edc685d950 JavaThread "pool-3-thread-3"                   [_thread_blocked, id=23532, stack(0x00000012d0600000,0x00000012d0700000) (1024K)]
  0x000001edc6267bb0 JavaThread "pool-2-thread-3"                   [_thread_blocked, id=7880, stack(0x00000012d0700000,0x00000012d0800000) (1024K)]
  0x000001edc5156d30 JavaThread "HttpClient-5-SelectorManager" daemon [_thread_in_native, id=16356, stack(0x00000012d0800000,0x00000012d0900000) (1024K)]
  0x000001edc5157a50 JavaThread "pool-5-thread-1"                   [_thread_blocked, id=18808, stack(0x00000012d0900000,0x00000012d0a00000) (1024K)]
  0x000001edc5159b20 JavaThread "pool-5-thread-2"                   [_thread_blocked, id=14264, stack(0x00000012d0a00000,0x00000012d0b00000) (1024K)]
  0x000001edc51580e0 JavaThread "pool-5-thread-3"                   [_thread_blocked, id=25780, stack(0x00000012d0b00000,0x00000012d0c00000) (1024K)]
  0x000001edc515a1b0 JavaThread "pool-1-thread-3"                   [_thread_blocked, id=22860, stack(0x00000012d0d00000,0x00000012d0e00000) (1024K)]
  0x000001edc51566a0 JavaThread "HttpClient-6-SelectorManager" daemon [_thread_in_native, id=21704, stack(0x00000012ce200000,0x00000012ce300000) (1024K)]
  0x000001edc51573c0 JavaThread "External Process Output Forwarder - C:\Users\bobad\.cache\selenium\msedgedriver\win64\129.0.2792.79\msedgedriver.exe" daemon [_thread_in_native, id=19284, stack(0x00000012d0c00000,0x00000012d0d00000) (1024K)]
  0x000001edc5158770 JavaThread "Driver Service Executor"    daemon [_thread_blocked, id=1148, stack(0x00000012d0f00000,0x00000012d1000000) (1024K)]
  0x000001edc5153f40 JavaThread "Driver Service Executor"    daemon [_thread_blocked, id=5356, stack(0x00000012d1000000,0x00000012d1100000) (1024K)]
  0x000001edc515a840 JavaThread "HttpClient-7-SelectorManager" daemon [_thread_in_native, id=9508, stack(0x00000012d0e00000,0x00000012d0f00000) (1024K)]
  0x000001edc515b560 JavaThread "External Process Output Forwarder - C:\Users\bobad\.cache\selenium\chromedriver\win64\129.0.6668.100\chromedriver.exe" daemon [_thread_in_native, id=13568, stack(0x00000012d1100000,0x00000012d1200000) (1024K)]
  0x000001edc5158e00 JavaThread "Driver Service Executor"    daemon [_thread_blocked, id=5024, stack(0x00000012d1200000,0x00000012d1300000) (1024K)]
  0x000001edc5159490 JavaThread "Driver Service Executor"    daemon [_thread_blocked, id=16104, stack(0x00000012d1300000,0x00000012d1400000) (1024K)]
  0x000001edc515aed0 JavaThread "UrlChecker-3"               daemon [_thread_blocked, id=27132, stack(0x00000012d1400000,0x00000012d1500000) (1024K)]
  0x000001edc5154c60 JavaThread "pool-7-thread-1"                   [_thread_blocked, id=11996, stack(0x00000012d1600000,0x00000012d1700000) (1024K)]
  0x000001edc51552f0 JavaThread "pool-7-thread-2"                   [_thread_blocked, id=27356, stack(0x00000012d1700000,0x00000012d1800000) (1024K)]
  0x000001edc5155980 JavaThread "pool-7-thread-3"                   [_thread_blocked, id=2540, stack(0x00000012d1800000,0x00000012d1900000) (1024K)]
  0x000001edc6861af0 JavaThread "HttpClient-8-SelectorManager" daemon [_thread_in_native, id=15768, stack(0x00000012d1a00000,0x00000012d1b00000) (1024K)]
  0x000001edc56168d0 JavaThread "pool-8-thread-1"                   [_thread_blocked, id=26024, stack(0x00000012d1b00000,0x00000012d1c00000) (1024K)]
  0x000001edc5615520 JavaThread "pool-8-thread-2"                   [_thread_blocked, id=10160, stack(0x00000012d1c00000,0x00000012d1d00000) (1024K)]
  0x000001edc5618310 JavaThread "pool-8-thread-3"                   [_thread_blocked, id=19532, stack(0x00000012d1d00000,0x00000012d1e00000) (1024K)]
  0x000001edc5614170 JavaThread "pool-6-thread-1"                   [_thread_blocked, id=7728, stack(0x00000012d1e00000,0x00000012d1f00000) (1024K)]
  0x000001edc5616f60 JavaThread "pool-6-thread-2"                   [_thread_blocked, id=18672, stack(0x00000012d1f00000,0x00000012d2000000) (1024K)]
  0x000001edc56175f0 JavaThread "pool-6-thread-3"                   [_thread_blocked, id=18408, stack(0x00000012d2000000,0x00000012d2100000) (1024K)]
  0x000001edc56189a0 JavaThread "HttpClient-9-SelectorManager" daemon [_thread_in_native, id=21536, stack(0x00000012d2100000,0x00000012d2200000) (1024K)]
  0x000001edc5617c80 JavaThread "pool-9-thread-1"                   [_thread_blocked, id=25096, stack(0x00000012d2200000,0x00000012d2300000) (1024K)]
  0x000001edc5614800 JavaThread "pool-9-thread-2"                   [_thread_blocked, id=17824, stack(0x00000012d2300000,0x00000012d2400000) (1024K)]
  0x000001edc5614e90 JavaThread "pool-9-thread-3"                   [_thread_blocked, id=20292, stack(0x00000012d2400000,0x00000012d2500000) (1024K)]
  0x000001edc5615bb0 JavaThread "pool-9-thread-4"                   [_thread_blocked, id=3908, stack(0x00000012d2500000,0x00000012d2600000) (1024K)]
  0x000001edc5619030 JavaThread "HttpClient-10-SelectorManager" daemon [_thread_in_native, id=11600, stack(0x00000012d1900000,0x00000012d1a00000) (1024K)]
  0x000001edc5612dc0 JavaThread "External Process Output Forwarder - C:\Users\bobad\.cache\selenium\geckodriver\win64\0.35.0\geckodriver.exe" daemon [_thread_in_native, id=23732, stack(0x00000012d2600000,0x00000012d2700000) (1024K)]
  0x000001edc5613450 JavaThread "Driver Service Executor"    daemon [_thread_blocked, id=13232, stack(0x00000012d2700000,0x00000012d2800000) (1024K)]
  0x000001edc5616240 JavaThread "Driver Service Executor"    daemon [_thread_blocked, id=20216, stack(0x00000012d2800000,0x00000012d2900000) (1024K)]
  0x000001edc5612730 JavaThread "pool-10-thread-1"                  [_thread_blocked, id=7304, stack(0x00000012d2900000,0x00000012d2a00000) (1024K)]
  0x000001edc56196c0 JavaThread "pool-10-thread-2"                  [_thread_blocked, id=22216, stack(0x00000012d2a00000,0x00000012d2b00000) (1024K)]
  0x000001edc5619d50 JavaThread "pool-10-thread-3"                  [_thread_blocked, id=16052, stack(0x00000012d2b00000,0x00000012d2c00000) (1024K)]
  0x000001edc5613ae0 JavaThread "TestNG-test=FirefoxTest-1"         [_thread_blocked, id=22784, stack(0x00000012d2d00000,0x00000012d2e00000) (1024K)]
  0x000001edc51545d0 JavaThread "TestNG-test=FirefoxTest-2"         [_thread_blocked, id=15280, stack(0x00000012d2e00000,0x00000012d2f00000) (1024K)]
  0x000001edc5156010 JavaThread "HttpClient-11-SelectorManager" daemon [_thread_in_native, id=26004, stack(0x00000012d2f00000,0x00000012d3000000) (1024K)]
  0x000001edc5707600 JavaThread "External Process Output Forwarder - C:\Users\bobad\.cache\selenium\chromedriver\win64\129.0.6668.100\chromedriver.exe" daemon [_thread_in_native, id=19408, stack(0x00000012d3000000,0x00000012d3100000) (1024K)]
  0x000001edc570c4c0 JavaThread "Driver Service Executor"    daemon [_thread_blocked, id=13880, stack(0x00000012d3100000,0x00000012d3200000) (1024K)]
  0x000001edc5709d60 JavaThread "Driver Service Executor"    daemon [_thread_in_native, id=23856, stack(0x00000012d3200000,0x00000012d3300000) (1024K)]
  0x000001edc5708320 JavaThread "pool-11-thread-1"                  [_thread_blocked, id=24292, stack(0x00000012d3400000,0x00000012d3500000) (1024K)]
  0x000001edc57068e0 JavaThread "pool-11-thread-2"                  [_thread_blocked, id=17936, stack(0x00000012d3500000,0x00000012d3600000) (1024K)]
  0x000001edc570b110 JavaThread "pool-11-thread-3"                  [_thread_blocked, id=3512, stack(0x00000012d3600000,0x00000012d3700000) (1024K)]
  0x000001edc57089b0 JavaThread "TestNG-test=EdgeTest-1"            [_thread_blocked, id=19788, stack(0x00000012d3700000,0x00000012d3800000) (1024K)]
  0x000001edc5709040 JavaThread "Forwarding clickElement on session 17f5d0857bc914504d4b968131bcef10 to remote"        [_thread_blocked, id=22268, stack(0x00000012d3800000,0x00000012d3900000) (1024K)]
  0x000001edc570cb50 JavaThread "HttpClient-12-SelectorManager" daemon [_thread_in_native, id=17156, stack(0x00000012d3900000,0x00000012d3a00000) (1024K)]
  0x000001edc57096d0 JavaThread "pool-12-thread-1"                  [_thread_blocked, id=25736, stack(0x00000012d3a00000,0x00000012d3b00000) (1024K)]
  0x000001edc570b7a0 JavaThread "pool-12-thread-2"                  [_thread_blocked, id=25932, stack(0x00000012d3b00000,0x00000012d3c00000) (1024K)]
  0x000001edc570be30 JavaThread "pool-12-thread-3"                  [_thread_blocked, id=24672, stack(0x00000012d3c00000,0x00000012d3d00000) (1024K)]
  0x000001edc570a3f0 JavaThread "HttpClient-13-SelectorManager" daemon [_thread_in_native, id=20208, stack(0x00000012d3d00000,0x00000012d3e00000) (1024K)]
  0x000001edc570d1e0 JavaThread "External Process Output Forwarder - C:\Users\bobad\.cache\selenium\chromedriver\win64\129.0.6668.100\chromedriver.exe" daemon [_thread_in_native, id=17304, stack(0x00000012d3e00000,0x00000012d3f00000) (1024K)]
  0x000001edc570d870 JavaThread "Driver Service Executor"    daemon [_thread_blocked, id=14136, stack(0x00000012d3f00000,0x00000012d4000000) (1024K)]
  0x000001edc570df00 JavaThread "Driver Service Executor"    daemon [_thread_in_native, id=26652, stack(0x00000012d4000000,0x00000012d4100000) (1024K)]
  0x000001edc5706f70 JavaThread "pool-13-thread-1"                  [_thread_blocked, id=18804, stack(0x00000012d4100000,0x00000012d4200000) (1024K)]
  0x000001edc5707c90 JavaThread "pool-13-thread-2"                  [_thread_blocked, id=26072, stack(0x00000012d4200000,0x00000012d4300000) (1024K)]
  0x000001edc53d5db0 JavaThread "pool-13-thread-3"                  [_thread_blocked, id=20244, stack(0x00000012d4300000,0x00000012d4400000) (1024K)]
  0x000001edc53d8ba0 JavaThread "HttpClient-14-SelectorManager" daemon [_thread_in_native, id=27672, stack(0x00000012d4400000,0x00000012d4500000) (1024K)]
  0x000001edc53d98c0 JavaThread "pool-14-thread-1"                  [_thread_blocked, id=27676, stack(0x00000012d4500000,0x00000012d4600000) (1024K)]
  0x000001edc53d6440 JavaThread "pool-14-thread-2"                  [_thread_blocked, id=27688, stack(0x00000012d4600000,0x00000012d4700000) (1024K)]
  0x000001edc53d6ad0 JavaThread "pool-14-thread-3"                  [_thread_blocked, id=27692, stack(0x00000012d4700000,0x00000012d4800000) (1024K)]
  0x000001edc53da5e0 JavaThread "TestNG-test=ChromeTest-1"          [_thread_blocked, id=28064, stack(0x00000012d4800000,0x00000012d4900000) (1024K)]
  0x000001edc53d7160 JavaThread "Forwarding clickElement on session 825163c8cf0343eea6f705f4271db81f to remote"        [_thread_blocked, id=28068, stack(0x00000012d4900000,0x00000012d4a00000) (1024K)]
Total: 107

Other Threads:
  0x000001ede8f4d7f0 VMThread "VM Thread"                           [id=17888, stack(0x00000012cd700000,0x00000012cd800000) (1024K)]
  0x000001ede8f33870 WatcherThread "VM Periodic Task Thread"        [id=22920, stack(0x00000012cd600000,0x00000012cd700000) (1024K)]
  0x000001edcb0fa380 WorkerThread "GC Thread#0"                     [id=15820, stack(0x00000012cd100000,0x00000012cd200000) (1024K)]
  0x000001edc5c01b50 WorkerThread "GC Thread#1"                     [id=10196, stack(0x00000012ce500000,0x00000012ce600000) (1024K)]
  0x000001edc58577b0 WorkerThread "GC Thread#2"                     [id=16360, stack(0x00000012ce600000,0x00000012ce700000) (1024K)]
  0x000001edc5857b60 WorkerThread "GC Thread#3"                     [id=6848, stack(0x00000012ce700000,0x00000012ce800000) (1024K)]
  0x000001edcb10be80 ConcurrentGCThread "G1 Main Marker"            [id=5376, stack(0x00000012cd200000,0x00000012cd300000) (1024K)]
  0x000001edcb10c990 WorkerThread "G1 Conc#0"                       [id=24264, stack(0x00000012cd300000,0x00000012cd400000) (1024K)]
  0x000001ede8e050f0 ConcurrentGCThread "G1 Refine#0"               [id=27052, stack(0x00000012cd400000,0x00000012cd500000) (1024K)]
  0x000001ede8e05880 ConcurrentGCThread "G1 Service"                [id=19820, stack(0x00000012cd500000,0x00000012cd600000) (1024K)]
Total: 10

Threads with active compile tasks:
C2 CompilerThread0  54685 3337       4       org.testng.shaded.com.google.gson.stream.JsonWriter::string (171 bytes)
Total: 1

VM state: not at safepoint (normal execution)

VM Mutex/Monitor currently owned by a thread: None

Heap address: 0x0000000082800000, size: 2008 MB, Compressed Oops mode: 32-bit

CDS archive(s) mapped at: [0x000001ed80000000-0x000001ed80c60000-0x000001ed80c60000), size 12976128, SharedBaseAddress: 0x000001ed80000000, ArchiveRelocationMode: 1.
Compressed class space mapped at: 0x000001ed81000000-0x000001edc1000000, reserved size: 1073741824
Narrow klass base: 0x000001ed80000000, Narrow klass shift: 0, Narrow klass range: 0x41000000

GC Precious Log:
 CardTable entry size: 512
 Card Set container configuration: InlinePtr #cards 5 size 8 Array Of Cards #cards 12 size 40 Howl #buckets 4 coarsen threshold 1843 Howl Bitmap #cards 512 size 80 coarsen threshold 460 Card regions per heap region 1 cards per card region 2048
 CPUs: 4 total, 4 available
 Memory: 8026M
 Large Page Support: Disabled
 NUMA Support: Disabled
 Compressed Oops: Enabled (32-bit)
 Heap Region Size: 1M
 Heap Min Capacity: 8M
 Heap Initial Capacity: 126M
 Heap Max Capacity: 2008M
 Pre-touch: Disabled
 Parallel Workers: 4
 Concurrent Workers: 1
 Concurrent Refinement Workers: 4
 Periodic GC: Disabled

Heap:
 garbage-first heap   total reserved 2056192K, committed 129024K, used 58489K [0x0000000082800000, 0x0000000100000000)
  region size 1024K, 54 young (55296K), 2 survivors (2048K)
 Metaspace       used 18079K, committed 18496K, reserved 1114112K
  class space    used 2215K, committed 2368K, reserved 1048576K

Heap Regions: E=young(eden), S=young(survivor), O=old, HS=humongous(starts), HC=humongous(continues), CS=collection set, F=free, TAMS=top-at-mark-start, PB=parsable bottom
|   0|0x0000000082800000, 0x0000000082900000, 0x0000000082900000|100%| O|  |TAMS 0x0000000082800000| PB 0x0000000082800000| Untracked |  0
|   1|0x0000000082900000, 0x0000000082a00000, 0x0000000082a00000|100%| O|  |TAMS 0x0000000082900000| PB 0x0000000082900000| Untracked |  0
|   2|0x0000000082a00000, 0x0000000082b00000, 0x0000000082b00000|100%| O|  |TAMS 0x0000000082a00000| PB 0x0000000082a00000| Untracked |  0
|   3|0x0000000082b00000, 0x0000000082c00000, 0x0000000082c00000|100%| O|  |TAMS 0x0000000082b00000| PB 0x0000000082b00000| Untracked |  0
|   4|0x0000000082c00000, 0x0000000082d00000, 0x0000000082d00000|100%| O|  |TAMS 0x0000000082c00000| PB 0x0000000082c00000| Untracked |  0
|   5|0x0000000082d00000, 0x0000000082d1e440, 0x0000000082e00000| 11%| O|  |TAMS 0x0000000082d00000| PB 0x0000000082d00000| Untracked |  0
|   6|0x0000000082e00000, 0x0000000082e00000, 0x0000000082f00000|  0%| F|  |TAMS 0x0000000082e00000| PB 0x0000000082e00000| Untracked |  0
|   7|0x0000000082f00000, 0x0000000082f00000, 0x0000000083000000|  0%| F|  |TAMS 0x0000000082f00000| PB 0x0000000082f00000| Untracked |  0
|   8|0x0000000083000000, 0x0000000083000000, 0x0000000083100000|  0%| F|  |TAMS 0x0000000083000000| PB 0x0000000083000000| Untracked |  0
|   9|0x0000000083100000, 0x0000000083100000, 0x0000000083200000|  0%| F|  |TAMS 0x0000000083100000| PB 0x0000000083100000| Untracked |  0
|  10|0x0000000083200000, 0x0000000083200000, 0x0000000083300000|  0%| F|  |TAMS 0x0000000083200000| PB 0x0000000083200000| Untracked |  0
|  11|0x0000000083300000, 0x0000000083300000, 0x0000000083400000|  0%| F|  |TAMS 0x0000000083300000| PB 0x0000000083300000| Untracked |  0
|  12|0x0000000083400000, 0x0000000083400000, 0x0000000083500000|  0%| F|  |TAMS 0x0000000083400000| PB 0x0000000083400000| Untracked |  0
|  13|0x0000000083500000, 0x0000000083500000, 0x0000000083600000|  0%| F|  |TAMS 0x0000000083500000| PB 0x0000000083500000| Untracked |  0
|  14|0x0000000083600000, 0x0000000083600000, 0x0000000083700000|  0%| F|  |TAMS 0x0000000083600000| PB 0x0000000083600000| Untracked |  0
|  15|0x0000000083700000, 0x0000000083700000, 0x0000000083800000|  0%| F|  |TAMS 0x0000000083700000| PB 0x0000000083700000| Untracked |  0
|  16|0x0000000083800000, 0x0000000083800000, 0x0000000083900000|  0%| F|  |TAMS 0x0000000083800000| PB 0x0000000083800000| Untracked |  0
|  17|0x0000000083900000, 0x0000000083900000, 0x0000000083a00000|  0%| F|  |TAMS 0x0000000083900000| PB 0x0000000083900000| Untracked |  0
|  18|0x0000000083a00000, 0x0000000083a00000, 0x0000000083b00000|  0%| F|  |TAMS 0x0000000083a00000| PB 0x0000000083a00000| Untracked |  0
|  19|0x0000000083b00000, 0x0000000083b00000, 0x0000000083c00000|  0%| F|  |TAMS 0x0000000083b00000| PB 0x0000000083b00000| Untracked |  0
|  20|0x0000000083c00000, 0x0000000083c00000, 0x0000000083d00000|  0%| F|  |TAMS 0x0000000083c00000| PB 0x0000000083c00000| Untracked |  0
|  21|0x0000000083d00000, 0x0000000083d00000, 0x0000000083e00000|  0%| F|  |TAMS 0x0000000083d00000| PB 0x0000000083d00000| Untracked |  0
|  22|0x0000000083e00000, 0x0000000083e00000, 0x0000000083f00000|  0%| F|  |TAMS 0x0000000083e00000| PB 0x0000000083e00000| Untracked |  0
|  23|0x0000000083f00000, 0x0000000083f00000, 0x0000000084000000|  0%| F|  |TAMS 0x0000000083f00000| PB 0x0000000083f00000| Untracked |  0
|  24|0x0000000084000000, 0x0000000084000000, 0x0000000084100000|  0%| F|  |TAMS 0x0000000084000000| PB 0x0000000084000000| Untracked |  0
|  25|0x0000000084100000, 0x0000000084100000, 0x0000000084200000|  0%| F|  |TAMS 0x0000000084100000| PB 0x0000000084100000| Untracked |  0
|  26|0x0000000084200000, 0x0000000084200000, 0x0000000084300000|  0%| F|  |TAMS 0x0000000084200000| PB 0x0000000084200000| Untracked |  0
|  27|0x0000000084300000, 0x0000000084300000, 0x0000000084400000|  0%| F|  |TAMS 0x0000000084300000| PB 0x0000000084300000| Untracked |  0
|  28|0x0000000084400000, 0x0000000084400000, 0x0000000084500000|  0%| F|  |TAMS 0x0000000084400000| PB 0x0000000084400000| Untracked |  0
|  29|0x0000000084500000, 0x0000000084500000, 0x0000000084600000|  0%| F|  |TAMS 0x0000000084500000| PB 0x0000000084500000| Untracked |  0
|  30|0x0000000084600000, 0x0000000084600000, 0x0000000084700000|  0%| F|  |TAMS 0x0000000084600000| PB 0x0000000084600000| Untracked |  0
|  31|0x0000000084700000, 0x0000000084700000, 0x0000000084800000|  0%| F|  |TAMS 0x0000000084700000| PB 0x0000000084700000| Untracked |  0
|  32|0x0000000084800000, 0x0000000084800000, 0x0000000084900000|  0%| F|  |TAMS 0x0000000084800000| PB 0x0000000084800000| Untracked |  0
|  33|0x0000000084900000, 0x0000000084900000, 0x0000000084a00000|  0%| F|  |TAMS 0x0000000084900000| PB 0x0000000084900000| Untracked |  0
|  34|0x0000000084a00000, 0x0000000084a00000, 0x0000000084b00000|  0%| F|  |TAMS 0x0000000084a00000| PB 0x0000000084a00000| Untracked |  0
|  35|0x0000000084b00000, 0x0000000084b00000, 0x0000000084c00000|  0%| F|  |TAMS 0x0000000084b00000| PB 0x0000000084b00000| Untracked |  0
|  36|0x0000000084c00000, 0x0000000084c00000, 0x0000000084d00000|  0%| F|  |TAMS 0x0000000084c00000| PB 0x0000000084c00000| Untracked |  0
|  37|0x0000000084d00000, 0x0000000084d00000, 0x0000000084e00000|  0%| F|  |TAMS 0x0000000084d00000| PB 0x0000000084d00000| Untracked |  0
|  38|0x0000000084e00000, 0x0000000084e00000, 0x0000000084f00000|  0%| F|  |TAMS 0x0000000084e00000| PB 0x0000000084e00000| Untracked |  0
|  39|0x0000000084f00000, 0x0000000084f00000, 0x0000000085000000|  0%| F|  |TAMS 0x0000000084f00000| PB 0x0000000084f00000| Untracked |  0
|  40|0x0000000085000000, 0x0000000085000000, 0x0000000085100000|  0%| F|  |TAMS 0x0000000085000000| PB 0x0000000085000000| Untracked |  0
|  41|0x0000000085100000, 0x0000000085100000, 0x0000000085200000|  0%| F|  |TAMS 0x0000000085100000| PB 0x0000000085100000| Untracked |  0
|  42|0x0000000085200000, 0x0000000085200000, 0x0000000085300000|  0%| F|  |TAMS 0x0000000085200000| PB 0x0000000085200000| Untracked |  0
|  43|0x0000000085300000, 0x0000000085300000, 0x0000000085400000|  0%| F|  |TAMS 0x0000000085300000| PB 0x0000000085300000| Untracked |  0
|  44|0x0000000085400000, 0x0000000085400000, 0x0000000085500000|  0%| F|  |TAMS 0x0000000085400000| PB 0x0000000085400000| Untracked |  0
|  45|0x0000000085500000, 0x0000000085500000, 0x0000000085600000|  0%| F|  |TAMS 0x0000000085500000| PB 0x0000000085500000| Untracked |  0
|  46|0x0000000085600000, 0x0000000085600000, 0x0000000085700000|  0%| F|  |TAMS 0x0000000085600000| PB 0x0000000085600000| Untracked |  0
|  47|0x0000000085700000, 0x0000000085700000, 0x0000000085800000|  0%| F|  |TAMS 0x0000000085700000| PB 0x0000000085700000| Untracked |  0
|  48|0x0000000085800000, 0x0000000085800000, 0x0000000085900000|  0%| F|  |TAMS 0x0000000085800000| PB 0x0000000085800000| Untracked |  0
|  49|0x0000000085900000, 0x0000000085900000, 0x0000000085a00000|  0%| F|  |TAMS 0x0000000085900000| PB 0x0000000085900000| Untracked |  0
|  50|0x0000000085a00000, 0x0000000085a00000, 0x0000000085b00000|  0%| F|  |TAMS 0x0000000085a00000| PB 0x0000000085a00000| Untracked |  0
|  51|0x0000000085b00000, 0x0000000085b00000, 0x0000000085c00000|  0%| F|  |TAMS 0x0000000085b00000| PB 0x0000000085b00000| Untracked |  0
|  52|0x0000000085c00000, 0x0000000085c00000, 0x0000000085d00000|  0%| F|  |TAMS 0x0000000085c00000| PB 0x0000000085c00000| Untracked |  0
|  53|0x0000000085d00000, 0x0000000085d00000, 0x0000000085e00000|  0%| F|  |TAMS 0x0000000085d00000| PB 0x0000000085d00000| Untracked |  0
|  54|0x0000000085e00000, 0x0000000085e00000, 0x0000000085f00000|  0%| F|  |TAMS 0x0000000085e00000| PB 0x0000000085e00000| Untracked |  0
|  55|0x0000000085f00000, 0x0000000085f00000, 0x0000000086000000|  0%| F|  |TAMS 0x0000000085f00000| PB 0x0000000085f00000| Untracked |  0
|  56|0x0000000086000000, 0x0000000086000000, 0x0000000086100000|  0%| F|  |TAMS 0x0000000086000000| PB 0x0000000086000000| Untracked |  0
|  57|0x0000000086100000, 0x0000000086100000, 0x0000000086200000|  0%| F|  |TAMS 0x0000000086100000| PB 0x0000000086100000| Untracked |  0
|  58|0x0000000086200000, 0x0000000086200000, 0x0000000086300000|  0%| F|  |TAMS 0x0000000086200000| PB 0x0000000086200000| Untracked |  0
|  59|0x0000000086300000, 0x0000000086300000, 0x0000000086400000|  0%| F|  |TAMS 0x0000000086300000| PB 0x0000000086300000| Untracked |  0
|  60|0x0000000086400000, 0x0000000086400000, 0x0000000086500000|  0%| F|  |TAMS 0x0000000086400000| PB 0x0000000086400000| Untracked |  0
|  61|0x0000000086500000, 0x0000000086500000, 0x0000000086600000|  0%| F|  |TAMS 0x0000000086500000| PB 0x0000000086500000| Untracked |  0
|  62|0x0000000086600000, 0x0000000086600000, 0x0000000086700000|  0%| F|  |TAMS 0x0000000086600000| PB 0x0000000086600000| Untracked |  0
|  63|0x0000000086700000, 0x0000000086700000, 0x0000000086800000|  0%| F|  |TAMS 0x0000000086700000| PB 0x0000000086700000| Untracked |  0
|  64|0x0000000086800000, 0x0000000086800000, 0x0000000086900000|  0%| F|  |TAMS 0x0000000086800000| PB 0x0000000086800000| Untracked |  0
|  65|0x0000000086900000, 0x0000000086900000, 0x0000000086a00000|  0%| F|  |TAMS 0x0000000086900000| PB 0x0000000086900000| Untracked |  0
|  66|0x0000000086a00000, 0x0000000086a00000, 0x0000000086b00000|  0%| F|  |TAMS 0x0000000086a00000| PB 0x0000000086a00000| Untracked |  0
|  67|0x0000000086b00000, 0x0000000086b00000, 0x0000000086c00000|  0%| F|  |TAMS 0x0000000086b00000| PB 0x0000000086b00000| Untracked |  0
|  68|0x0000000086c00000, 0x0000000086c00000, 0x0000000086d00000|  0%| F|  |TAMS 0x0000000086c00000| PB 0x0000000086c00000| Untracked |  0
|  69|0x0000000086d00000, 0x0000000086d00000, 0x0000000086e00000|  0%| F|  |TAMS 0x0000000086d00000| PB 0x0000000086d00000| Untracked |  0
|  70|0x0000000086e00000, 0x0000000086e00000, 0x0000000086f00000|  0%| F|  |TAMS 0x0000000086e00000| PB 0x0000000086e00000| Untracked |  0
|  71|0x0000000086f00000, 0x0000000086f00000, 0x0000000087000000|  0%| F|  |TAMS 0x0000000086f00000| PB 0x0000000086f00000| Untracked |  0
|  72|0x0000000087000000, 0x000000008703ec00, 0x0000000087100000| 24%| E|  |TAMS 0x0000000087000000| PB 0x0000000087000000| Complete |  0
|  73|0x0000000087100000, 0x0000000087200000, 0x0000000087200000|100%| E|CS|TAMS 0x0000000087100000| PB 0x0000000087100000| Complete |  0
|  74|0x0000000087200000, 0x0000000087300000, 0x0000000087300000|100%| E|CS|TAMS 0x0000000087200000| PB 0x0000000087200000| Complete |  0
|  75|0x0000000087300000, 0x0000000087400000, 0x0000000087400000|100%| E|CS|TAMS 0x0000000087300000| PB 0x0000000087300000| Complete |  0
|  76|0x0000000087400000, 0x0000000087500000, 0x0000000087500000|100%| E|CS|TAMS 0x0000000087400000| PB 0x0000000087400000| Complete |  1
|  77|0x0000000087500000, 0x0000000087600000, 0x0000000087600000|100%| E|CS|TAMS 0x0000000087500000| PB 0x0000000087500000| Complete |  0
|  78|0x0000000087600000, 0x0000000087700000, 0x0000000087700000|100%| E|CS|TAMS 0x0000000087600000| PB 0x0000000087600000| Complete |  0
|  79|0x0000000087700000, 0x0000000087800000, 0x0000000087800000|100%| E|CS|TAMS 0x0000000087700000| PB 0x0000000087700000| Complete |  0
|  80|0x0000000087800000, 0x0000000087900000, 0x0000000087900000|100%| E|CS|TAMS 0x0000000087800000| PB 0x0000000087800000| Complete |  0
|  81|0x0000000087900000, 0x0000000087a00000, 0x0000000087a00000|100%| E|CS|TAMS 0x0000000087900000| PB 0x0000000087900000| Complete |  0
|  82|0x0000000087a00000, 0x0000000087b00000, 0x0000000087b00000|100%| E|CS|TAMS 0x0000000087a00000| PB 0x0000000087a00000| Complete |  0
|  83|0x0000000087b00000, 0x0000000087c00000, 0x0000000087c00000|100%| E|CS|TAMS 0x0000000087b00000| PB 0x0000000087b00000| Complete |  0
|  84|0x0000000087c00000, 0x0000000087d00000, 0x0000000087d00000|100%| E|CS|TAMS 0x0000000087c00000| PB 0x0000000087c00000| Complete |  0
|  85|0x0000000087d00000, 0x0000000087e00000, 0x0000000087e00000|100%| E|CS|TAMS 0x0000000087d00000| PB 0x0000000087d00000| Complete |  0
|  86|0x0000000087e00000, 0x0000000087f00000, 0x0000000087f00000|100%| E|CS|TAMS 0x0000000087e00000| PB 0x0000000087e00000| Complete |  0
|  87|0x0000000087f00000, 0x0000000088000000, 0x0000000088000000|100%| E|CS|TAMS 0x0000000087f00000| PB 0x0000000087f00000| Complete |  0
|  88|0x0000000088000000, 0x0000000088100000, 0x0000000088100000|100%| E|CS|TAMS 0x0000000088000000| PB 0x0000000088000000| Complete |  0
|  89|0x0000000088100000, 0x0000000088200000, 0x0000000088200000|100%| E|CS|TAMS 0x0000000088100000| PB 0x0000000088100000| Complete |  0
|  90|0x0000000088200000, 0x0000000088300000, 0x0000000088300000|100%| E|CS|TAMS 0x0000000088200000| PB 0x0000000088200000| Complete |  0
|  91|0x0000000088300000, 0x0000000088400000, 0x0000000088400000|100%| E|CS|TAMS 0x0000000088300000| PB 0x0000000088300000| Complete |  0
|  92|0x0000000088400000, 0x0000000088500000, 0x0000000088500000|100%| E|CS|TAMS 0x0000000088400000| PB 0x0000000088400000| Complete |  0
|  93|0x0000000088500000, 0x0000000088600000, 0x0000000088600000|100%| E|CS|TAMS 0x0000000088500000| PB 0x0000000088500000| Complete |  0
|  94|0x0000000088600000, 0x0000000088700000, 0x0000000088700000|100%| E|CS|TAMS 0x0000000088600000| PB 0x0000000088600000| Complete |  0
|  95|0x0000000088700000, 0x0000000088800000, 0x0000000088800000|100%| E|CS|TAMS 0x0000000088700000| PB 0x0000000088700000| Complete |  0
|  96|0x0000000088800000, 0x0000000088900000, 0x0000000088900000|100%| E|CS|TAMS 0x0000000088800000| PB 0x0000000088800000| Complete |  0
|  97|0x0000000088900000, 0x0000000088a00000, 0x0000000088a00000|100%| E|CS|TAMS 0x0000000088900000| PB 0x0000000088900000| Complete |  0
|  98|0x0000000088a00000, 0x0000000088b00000, 0x0000000088b00000|100%| E|CS|TAMS 0x0000000088a00000| PB 0x0000000088a00000| Complete |  0
|  99|0x0000000088b00000, 0x0000000088c00000, 0x0000000088c00000|100%| E|CS|TAMS 0x0000000088b00000| PB 0x0000000088b00000| Complete |  0
| 100|0x0000000088c00000, 0x0000000088d00000, 0x0000000088d00000|100%| E|CS|TAMS 0x0000000088c00000| PB 0x0000000088c00000| Complete |  0
| 101|0x0000000088d00000, 0x0000000088e00000, 0x0000000088e00000|100%| E|CS|TAMS 0x0000000088d00000| PB 0x0000000088d00000| Complete |  0
| 102|0x0000000088e00000, 0x0000000088f00000, 0x0000000088f00000|100%| E|CS|TAMS 0x0000000088e00000| PB 0x0000000088e00000| Complete |  0
| 103|0x0000000088f00000, 0x0000000089000000, 0x0000000089000000|100%| E|CS|TAMS 0x0000000088f00000| PB 0x0000000088f00000| Complete |  0
| 104|0x0000000089000000, 0x0000000089100000, 0x0000000089100000|100%| E|CS|TAMS 0x0000000089000000| PB 0x0000000089000000| Complete |  0
| 105|0x0000000089100000, 0x0000000089200000, 0x0000000089200000|100%| E|CS|TAMS 0x0000000089100000| PB 0x0000000089100000| Complete |  0
| 106|0x0000000089200000, 0x0000000089300000, 0x0000000089300000|100%| S|CS|TAMS 0x0000000089200000| PB 0x0000000089200000| Complete |  0
| 107|0x0000000089300000, 0x0000000089400000, 0x0000000089400000|100%| S|CS|TAMS 0x0000000089300000| PB 0x0000000089300000| Complete |  0
| 108|0x0000000089400000, 0x0000000089500000, 0x0000000089500000|100%| E|CS|TAMS 0x0000000089400000| PB 0x0000000089400000| Complete |  0
| 109|0x0000000089500000, 0x0000000089600000, 0x0000000089600000|100%| E|CS|TAMS 0x0000000089500000| PB 0x0000000089500000| Complete |  0
| 110|0x0000000089600000, 0x0000000089700000, 0x0000000089700000|100%| E|CS|TAMS 0x0000000089600000| PB 0x0000000089600000| Complete |  0
| 111|0x0000000089700000, 0x0000000089800000, 0x0000000089800000|100%| E|CS|TAMS 0x0000000089700000| PB 0x0000000089700000| Complete |  0
| 112|0x0000000089800000, 0x0000000089900000, 0x0000000089900000|100%| E|CS|TAMS 0x0000000089800000| PB 0x0000000089800000| Complete |  0
| 113|0x0000000089900000, 0x0000000089a00000, 0x0000000089a00000|100%| E|CS|TAMS 0x0000000089900000| PB 0x0000000089900000| Complete |  0
| 114|0x0000000089a00000, 0x0000000089b00000, 0x0000000089b00000|100%| E|CS|TAMS 0x0000000089a00000| PB 0x0000000089a00000| Complete |  0
| 115|0x0000000089b00000, 0x0000000089c00000, 0x0000000089c00000|100%| E|CS|TAMS 0x0000000089b00000| PB 0x0000000089b00000| Complete |  0
| 116|0x0000000089c00000, 0x0000000089d00000, 0x0000000089d00000|100%| E|  |TAMS 0x0000000089c00000| PB 0x0000000089c00000| Complete |  0
| 117|0x0000000089d00000, 0x0000000089e00000, 0x0000000089e00000|100%| E|CS|TAMS 0x0000000089d00000| PB 0x0000000089d00000| Complete |  0
| 118|0x0000000089e00000, 0x0000000089f00000, 0x0000000089f00000|100%| E|CS|TAMS 0x0000000089e00000| PB 0x0000000089e00000| Complete |  0
| 119|0x0000000089f00000, 0x000000008a000000, 0x000000008a000000|100%| E|CS|TAMS 0x0000000089f00000| PB 0x0000000089f00000| Complete |  0
| 120|0x000000008a000000, 0x000000008a100000, 0x000000008a100000|100%| E|CS|TAMS 0x000000008a000000| PB 0x000000008a000000| Complete |  0
| 121|0x000000008a100000, 0x000000008a200000, 0x000000008a200000|100%| E|CS|TAMS 0x000000008a100000| PB 0x000000008a100000| Complete |  0
| 122|0x000000008a200000, 0x000000008a300000, 0x000000008a300000|100%| E|CS|TAMS 0x000000008a200000| PB 0x000000008a200000| Complete |  0
| 123|0x000000008a300000, 0x000000008a400000, 0x000000008a400000|100%| E|CS|TAMS 0x000000008a300000| PB 0x000000008a300000| Complete |  0
| 124|0x000000008a400000, 0x000000008a500000, 0x000000008a500000|100%| E|CS|TAMS 0x000000008a400000| PB 0x000000008a400000| Complete |  0
| 125|0x000000008a500000, 0x000000008a600000, 0x000000008a600000|100%| E|CS|TAMS 0x000000008a500000| PB 0x000000008a500000| Complete |  0

Card table byte_map: [0x000001ede45f0000,0x000001ede49e0000] _byte_map_base: 0x000001ede41dc000

Marking Bits: (CMBitMap*) 0x000001edcb0faa90
 Bits: [0x000001ede49e0000, 0x000001ede6940000)

Polling page: 0x000001edcb160000

Metaspace:

Usage:
  Non-class:     15.49 MB used.
      Class:      2.16 MB used.
       Both:     17.66 MB used.

Virtual space:
  Non-class space:       64.00 MB reserved,      15.75 MB ( 25%) committed,  1 nodes.
      Class space:        1.00 GB reserved,       2.31 MB ( <1%) committed,  1 nodes.
             Both:        1.06 GB reserved,      18.06 MB (  2%) committed. 

Chunk freelists:
   Non-Class:  15.66 MB
       Class:  13.71 MB
        Both:  29.36 MB

MaxMetaspaceSize: unlimited
CompressedClassSpaceSize: 1.00 GB
Initial GC threshold: 21.00 MB
Current GC threshold: 21.00 MB
CDS: on
 - commit_granule_bytes: 65536.
 - commit_granule_words: 8192.
 - virtual_space_node_default_size: 8388608.
 - enlarge_chunks_in_place: 1.
 - use_allocation_guard: 0.


Internal statistics:

num_allocs_failed_limit: 0.
num_arena_births: 488.
num_arena_deaths: 0.
num_vsnodes_births: 2.
num_vsnodes_deaths: 0.
num_space_committed: 289.
num_space_uncommitted: 0.
num_chunks_returned_to_freelist: 0.
num_chunks_taken_from_freelist: 973.
num_chunk_merges: 0.
num_chunk_splits: 572.
num_chunks_enlarged: 334.
num_inconsistent_stats: 0.

CodeHeap 'non-profiled nmethods': size=120000Kb used=1199Kb max_used=1199Kb free=118800Kb
 bounds [0x000001eddc690000, 0x000001eddc900000, 0x000001ede3bc0000]
CodeHeap 'profiled nmethods': size=120000Kb used=6451Kb max_used=6451Kb free=113548Kb
 bounds [0x000001edd4bc0000, 0x000001edd5210000, 0x000001eddc0f0000]
CodeHeap 'non-nmethods': size=5760Kb used=1537Kb max_used=1591Kb free=4223Kb
 bounds [0x000001eddc0f0000, 0x000001eddc360000, 0x000001eddc690000]
 total_blobs=3944 nmethods=3343 adapters=505
 compilation: enabled
              stopped_count=0, restarted_count=0
 full_count=0

Compilation events (20 events):
Event: 52.933 Thread 0x000001ede8f8f120 3335   !   3       org.testng.shaded.com.google.gson.internal.reflect.ReflectionHelper::makeAccessible (49 bytes)
Event: 52.934 Thread 0x000001ede8f8f120 nmethod 3335 0x000001edd5204790 code [0x000001edd5204a00, 0x000001edd5205250]
Event: 52.934 Thread 0x000001ede8f8f120 3336       3       org.testng.shaded.com.google.gson.internal.bind.ReflectiveTypeAdapterFactory::getFieldNames (90 bytes)
Event: 52.935 Thread 0x000001ede8f8f120 nmethod 3336 0x000001edd5205610 code [0x000001edd5205940, 0x000001edd5206cb8]
Event: 52.936 Thread 0x000001ede8f8f120 3338   !   3       org.testng.shaded.com.google.gson.internal.bind.ReflectiveTypeAdapterFactory$1::write (184 bytes)
Event: 52.939 Thread 0x000001ede8f8f120 nmethod 3338 0x000001edd5207390 code [0x000001edd52077c0, 0x000001edd52091a8]
Event: 52.939 Thread 0x000001ede8f8f120 3339       3       org.testng.shaded.com.google.gson.internal.bind.TypeAdapterRuntimeTypeWrapper::write (80 bytes)
Event: 52.940 Thread 0x000001ede8f8f120 nmethod 3339 0x000001edd5209b90 code [0x000001edd5209de0, 0x000001edd520ab80]
Event: 52.940 Thread 0x000001ede8f8f120 3340       3       org.testng.shaded.com.google.gson.internal.bind.TypeAdapterRuntimeTypeWrapper::getRuntimeTypeIfMoreSpecific (25 bytes)
Event: 52.941 Thread 0x000001ede8f8f120 nmethod 3340 0x000001edd520af10 code [0x000001edd520b0c0, 0x000001edd520b438]
Event: 52.941 Thread 0x000001ede8f8f120 3341       3       java.lang.reflect.Field::setAccessible (21 bytes)
Event: 52.942 Thread 0x000001ede8f8f120 nmethod 3341 0x000001edd520b510 code [0x000001edd520b700, 0x000001edd520bbb8]
Event: 52.944 Thread 0x000001ede8f8f120 3342       1       org.testng.internal.BaseTestMethod::getGroups (5 bytes)
Event: 52.945 Thread 0x000001ede8f8f120 nmethod 3342 0x000001eddc7bba10 code [0x000001eddc7bbba0, 0x000001eddc7bbc68]
Event: 52.945 Thread 0x000001ede8f8f120 3343       3       java.util.regex.Pattern$SliceNode::study (37 bytes)
Event: 52.945 Thread 0x000001ede8f8f120 nmethod 3343 0x000001edd520bd90 code [0x000001edd520bf40, 0x000001edd520c138]
Event: 52.945 Thread 0x000001ede8f8f120 3344       3       java.lang.StringBuffer::<init> (7 bytes)
Event: 52.946 Thread 0x000001ede8f8f120 nmethod 3344 0x000001edd520c210 code [0x000001edd520c3c0, 0x000001edd520c500]
Event: 52.946 Thread 0x000001ede8f8f120 3345  s    3       java.lang.StringBuffer::toString (44 bytes)
Event: 52.946 Thread 0x000001ede8f8f120 nmethod 3345 0x000001edd520c590 code [0x000001edd520c780, 0x000001edd520cd40]

GC Heap History (4 events):
Event: 0.591 GC heap before
{Heap before GC invocations=0 (full 0):
 garbage-first heap   total reserved 2056192K, committed 129024K, used 13312K [0x0000000082800000, 0x0000000100000000)
  region size 1024K, 14 young (14336K), 0 survivors (0K)
 Metaspace       used 5709K, committed 5888K, reserved 1114112K
  class space    used 640K, committed 704K, reserved 1048576K
}
Event: 0.595 GC heap after
{Heap after GC invocations=1 (full 0):
 garbage-first heap   total reserved 2056192K, committed 129024K, used 5120K [0x0000000082800000, 0x0000000100000000)
  region size 1024K, 2 young (2048K), 2 survivors (2048K)
 Metaspace       used 5709K, committed 5888K, reserved 1114112K
  class space    used 640K, committed 704K, reserved 1048576K
}
Event: 1.857 GC heap before
{Heap before GC invocations=1 (full 0):
 garbage-first heap   total reserved 2056192K, committed 129024K, used 20480K [0x0000000082800000, 0x0000000100000000)
  region size 1024K, 18 young (18432K), 2 survivors (2048K)
 Metaspace       used 11029K, committed 11328K, reserved 1114112K
  class space    used 1337K, committed 1472K, reserved 1048576K
}
Event: 1.861 GC heap after
{Heap after GC invocations=2 (full 0):
 garbage-first heap   total reserved 2056192K, committed 129024K, used 7289K [0x0000000082800000, 0x0000000100000000)
  region size 1024K, 2 young (2048K), 2 survivors (2048K)
 Metaspace       used 11029K, committed 11328K, reserved 1114112K
  class space    used 1337K, committed 1472K, reserved 1048576K
}

Dll operation events (8 events):
Event: 0.031 Loaded shared library C:\Program Files\Java\jdk-22\bin\java.dll
Event: 0.078 Loaded shared library C:\Program Files\Java\jdk-22\bin\jsvml.dll
Event: 0.119 Loaded shared library C:\Program Files\Java\jdk-22\bin\net.dll
Event: 0.121 Loaded shared library C:\Program Files\Java\jdk-22\bin\nio.dll
Event: 0.125 Loaded shared library C:\Program Files\Java\jdk-22\bin\zip.dll
Event: 0.268 Loaded shared library C:\Program Files\Java\jdk-22\bin\jimage.dll
Event: 0.354 Loaded shared library C:\Program Files\Java\jdk-22\bin\extnet.dll
Event: 1.970 Loaded shared library C:\Program Files\Java\jdk-22\bin\sunmscapi.dll

Deoptimization events (20 events):
Event: 41.593 Thread 0x000001edc5613ae0 Uncommon trap: trap_request=0xffffff45 fr.pc=0x000001eddc771c0c relative=0x00000000000001cc
Event: 41.593 Thread 0x000001edc5613ae0 Uncommon trap: reason=unstable_if action=reinterpret pc=0x000001eddc771c0c method=java.util.HashMap.getNode(Ljava/lang/Object;)Ljava/util/HashMap$Node; @ 66 c2
Event: 41.593 Thread 0x000001edc5613ae0 DEOPT PACKING pc=0x000001eddc771c0c sp=0x00000012d2dfe300
Event: 41.593 Thread 0x000001edc5613ae0 DEOPT UNPACKING pc=0x000001eddc1446a2 sp=0x00000012d2dfe280 mode 2
Event: 41.748 Thread 0x000001edc5613ae0 DEOPT PACKING pc=0x000001edd5088ee7 sp=0x00000012d2dfe850
Event: 41.748 Thread 0x000001edc5613ae0 DEOPT UNPACKING pc=0x000001eddc144e42 sp=0x00000012d2dfdcf0 mode 0
Event: 41.748 Thread 0x000001edc5613ae0 DEOPT PACKING pc=0x000001edd5088ee7 sp=0x00000012d2dfe850
Event: 41.748 Thread 0x000001edc5613ae0 DEOPT UNPACKING pc=0x000001eddc144e42 sp=0x00000012d2dfdcf0 mode 0
Event: 41.748 Thread 0x000001edc5613ae0 DEOPT PACKING pc=0x000001edd5088ee7 sp=0x00000012d2dfe850
Event: 41.748 Thread 0x000001edc5613ae0 DEOPT UNPACKING pc=0x000001eddc144e42 sp=0x00000012d2dfdcf0 mode 0
Event: 41.749 Thread 0x000001edc5613ae0 DEOPT PACKING pc=0x000001edd5088ee7 sp=0x00000012d2dfe850
Event: 41.749 Thread 0x000001edc5613ae0 DEOPT UNPACKING pc=0x000001eddc144e42 sp=0x00000012d2dfdcf0 mode 0
Event: 46.583 Thread 0x000001edc57089b0 Uncommon trap: trap_request=0xffffff45 fr.pc=0x000001eddc7a4540 relative=0x0000000000000280
Event: 46.583 Thread 0x000001edc57089b0 Uncommon trap: reason=unstable_if action=reinterpret pc=0x000001eddc7a4540 method=java.util.regex.Pattern$Slice.match(Ljava/util/regex/Matcher;ILjava/lang/CharSequence;)Z @ 54 c2
Event: 46.583 Thread 0x000001edc57089b0 DEOPT PACKING pc=0x000001eddc7a4540 sp=0x00000012d37fe210
Event: 46.583 Thread 0x000001edc57089b0 DEOPT UNPACKING pc=0x000001eddc1446a2 sp=0x00000012d37fe190 mode 2
Event: 46.694 Thread 0x000001edc57089b0 DEOPT PACKING pc=0x000001edd4ffebfe sp=0x00000012d37fe1d0
Event: 46.694 Thread 0x000001edc57089b0 DEOPT UNPACKING pc=0x000001eddc144e42 sp=0x00000012d37fd668 mode 0
Event: 52.931 Thread 0x000001edc53da5e0 DEOPT PACKING pc=0x000001edd5187b76 sp=0x00000012d48fe940
Event: 52.936 Thread 0x000001edc53da5e0 DEOPT UNPACKING pc=0x000001eddc144e42 sp=0x00000012d48fde58 mode 0

Classes loaded (20 events):
Event: 32.147 Loading class jdk/internal/util/ImmutableBitSetPredicate
Event: 32.147 Loading class jdk/internal/util/ImmutableBitSetPredicate done
Event: 32.147 Loading class jdk/internal/util/ImmutableBitSetPredicate$SmallImmutableBitSetPredicate
Event: 32.147 Loading class jdk/internal/util/ImmutableBitSetPredicate$SmallImmutableBitSetPredicate done
Event: 41.566 Loading class java/util/TreeMap$EntrySpliterator
Event: 41.566 Loading class java/util/TreeMap$EntrySpliterator done
Event: 41.567 Loading class java/util/stream/SortedOps$SizedRefSortingSink
Event: 41.568 Loading class java/util/stream/SortedOps$SizedRefSortingSink done
Event: 41.574 Loading class java/lang/invoke/WrongMethodTypeException
Event: 41.574 Loading class java/lang/invoke/WrongMethodTypeException done
Event: 41.576 Loading class java/lang/StackTraceElement$HashedModules
Event: 41.578 Loading class java/lang/StackTraceElement$HashedModules done
Event: 41.585 Loading class java/lang/Throwable$WrappedPrintWriter
Event: 41.585 Loading class java/lang/Throwable$PrintStreamOrWriter
Event: 41.585 Loading class java/lang/Throwable$PrintStreamOrWriter done
Event: 41.585 Loading class java/lang/Throwable$WrappedPrintWriter done
Event: 41.597 Loading class jdk/internal/reflect/MethodHandleLongFieldAccessorImpl
Event: 41.598 Loading class jdk/internal/reflect/MethodHandleLongFieldAccessorImpl done
Event: 41.759 Loading class java/util/concurrent/ConcurrentLinkedQueue$Itr
Event: 41.761 Loading class java/util/concurrent/ConcurrentLinkedQueue$Itr done

Classes unloaded (0 events):
No events

Classes redefined (0 events):
No events

Internal exceptions (20 events):
Event: 24.001 Thread 0x000001edc5613450 Exception <a 'java/net/ConnectException'{0x000000008810a560}: Connection refused: getsockopt> (0x000000008810a560) 
thrown [s\open\src\hotspot\share\prims\jni.cpp, line 539]
Event: 24.002 Thread 0x000001edc5613450 Exception <a 'java/net/ConnectException'{0x000000008810ae00}: Connection refused: getsockopt> (0x000000008810ae00) 
thrown [s\open\src\hotspot\share\prims\jni.cpp, line 539]
Event: 24.003 Thread 0x000001edc5613450 Exception <a 'java/net/ConnectException'{0x000000008810b6a0}: Connection refused: getsockopt> (0x000000008810b6a0) 
thrown [s\open\src\hotspot\share\prims\jni.cpp, line 539]
Event: 24.003 Thread 0x000001edc5613450 Exception <a 'java/net/ConnectException'{0x000000008810bf40}: Connection refused: getsockopt> (0x000000008810bf40) 
thrown [s\open\src\hotspot\share\prims\jni.cpp, line 539]
Event: 24.003 Thread 0x000001edc5613450 Exception <a 'java/net/ConnectException'{0x000000008810c7e0}: Connection refused: getsockopt> (0x000000008810c7e0) 
thrown [s\open\src\hotspot\share\prims\jni.cpp, line 539]
Event: 24.004 Thread 0x000001edc5613450 Exception <a 'java/net/ConnectException'{0x000000008810d080}: Connection refused: getsockopt> (0x000000008810d080) 
thrown [s\open\src\hotspot\share\prims\jni.cpp, line 539]
Event: 24.004 Thread 0x000001edc5613450 Exception <a 'java/net/ConnectException'{0x000000008810d920}: Connection refused: getsockopt> (0x000000008810d920) 
thrown [s\open\src\hotspot\share\prims\jni.cpp, line 539]
Event: 24.004 Thread 0x000001edc5613450 Exception <a 'java/net/ConnectException'{0x000000008810e1c0}: Connection refused: getsockopt> (0x000000008810e1c0) 
thrown [s\open\src\hotspot\share\prims\jni.cpp, line 539]
Event: 24.004 Thread 0x000001edc5613450 Exception <a 'java/net/ConnectException'{0x000000008810ea60}: Connection refused: getsockopt> (0x000000008810ea60) 
thrown [s\open\src\hotspot\share\prims\jni.cpp, line 539]
Event: 24.005 Thread 0x000001edc5613450 Exception <a 'java/net/ConnectException'{0x000000008810f300}: Connection refused: getsockopt> (0x000000008810f300) 
thrown [s\open\src\hotspot\share\prims\jni.cpp, line 539]
Event: 24.052 Thread 0x000001edc5613450 Exception <a 'java/net/ConnectException'{0x000000008810fba0}: Connection refused: getsockopt> (0x000000008810fba0) 
thrown [s\open\src\hotspot\share\prims\jni.cpp, line 539]
Event: 37.639 Thread 0x000001edc6860740 Exception <a 'java/net/ConnectException'{0x00000000888de4e0}: Connection refused: getsockopt> (0x00000000888de4e0) 
thrown [s\open\src\hotspot\share\prims\jni.cpp, line 539]
Event: 37.650 Thread 0x000001edc6860740 Exception <a 'java/net/ConnectException'{0x00000000888df4b0}: Connection refused: getsockopt> (0x00000000888df4b0) 
thrown [s\open\src\hotspot\share\prims\jni.cpp, line 539]
Event: 37.683 Thread 0x000001edc6860740 Exception <a 'java/net/ConnectException'{0x00000000888e0480}: Connection refused: getsockopt> (0x00000000888e0480) 
thrown [s\open\src\hotspot\share\prims\jni.cpp, line 539]
Event: 41.598 Thread 0x000001edc5613ae0 Exception <a 'java/lang/NoSuchMethodError'{0x0000000087727d30}: 'long java.lang.invoke.DelegatingMethodHandle$Holder.reinvoke_L(java.lang.Object, java.lang.Object)'> (0x0000000087727d30) 
thrown [s\open\src\hotspot\share\interpreter\linkResolver.cpp, line 774]
Event: 41.599 Thread 0x000001edc5613ae0 Exception <a 'java/lang/NoSuchMethodError'{0x0000000087731a28}: 'void java.lang.invoke.DelegatingMethodHandle$Holder.reinvoke_L(java.lang.Object, java.lang.Object, long)'> (0x0000000087731a28) 
thrown [s\open\src\hotspot\share\interpreter\linkResolver.cpp, line 774]
Event: 41.600 Thread 0x000001edc5613ae0 Exception <a 'java/lang/NoSuchMethodError'{0x0000000087738218}: 'long java.lang.invoke.Invokers$Holder.invokeExact_MT(java.lang.Object, java.lang.Object, java.lang.Object)'> (0x0000000087738218) 
thrown [s\open\src\hotspot\share\interpreter\linkResolver.cpp, line 774]
Event: 46.591 Thread 0x000001edc6860740 Exception <a 'java/net/ConnectException'{0x00000000888ebb40}: Connection refused: getsockopt> (0x00000000888ebb40) 
thrown [s\open\src\hotspot\share\prims\jni.cpp, line 539]
Event: 46.604 Thread 0x000001edc6860740 Exception <a 'java/net/ConnectException'{0x00000000888ecb10}: Connection refused: getsockopt> (0x00000000888ecb10) 
thrown [s\open\src\hotspot\share\prims\jni.cpp, line 539]
Event: 46.635 Thread 0x000001edc6860740 Exception <a 'java/net/ConnectException'{0x00000000888edae0}: Connection refused: getsockopt> (0x00000000888edae0) 
thrown [s\open\src\hotspot\share\prims\jni.cpp, line 539]

ZGC Phase Switch (0 events):
No events

VM Operations (20 events):
Event: 36.433 Executing VM operation: Cleanup
Event: 36.434 Executing VM operation: Cleanup done
Event: 37.446 Executing VM operation: Cleanup
Event: 37.446 Executing VM operation: Cleanup done
Event: 38.452 Executing VM operation: Cleanup
Event: 38.452 Executing VM operation: Cleanup done
Event: 41.473 Executing VM operation: Cleanup
Event: 41.474 Executing VM operation: Cleanup done
Event: 42.485 Executing VM operation: Cleanup
Event: 42.485 Executing VM operation: Cleanup done
Event: 44.505 Executing VM operation: Cleanup
Event: 44.505 Executing VM operation: Cleanup done
Event: 45.512 Executing VM operation: Cleanup
Event: 45.512 Executing VM operation: Cleanup done
Event: 47.537 Executing VM operation: Cleanup
Event: 47.537 Executing VM operation: Cleanup done
Event: 48.550 Executing VM operation: Cleanup
Event: 48.550 Executing VM operation: Cleanup done
Event: 49.562 Executing VM operation: Cleanup
Event: 49.562 Executing VM operation: Cleanup done

Memory protections (0 events):
No events

Nmethod flushes (0 events):
No events

Events (20 events):
Event: 41.173 Thread 0x000001edc570cb50 Thread added: 0x000001edc570b7a0
Event: 41.173 Thread 0x000001edc570cb50 Thread added: 0x000001edc570be30
Event: 41.279 Thread 0x000001edc57089b0 Thread added: 0x000001edc570d1e0
Event: 46.576 Thread 0x000001edc570d1e0 Thread exited: 0x000001edc570d1e0
Event: 46.582 Thread 0x000001edc57089b0 Thread added: 0x000001edc570a3f0
Event: 46.589 Thread 0x000001edc57089b0 Thread added: 0x000001edc570d1e0
Event: 46.589 Thread 0x000001edc57089b0 Thread added: 0x000001edc570d870
Event: 46.590 Thread 0x000001edc57089b0 Thread added: 0x000001edc570df00
Event: 46.698 Thread 0x000001edc57089b0 Thread added: 0x000001edc5706f70
Event: 46.705 Thread 0x000001edc570a3f0 Thread added: 0x000001edc5707c90
Event: 46.706 Thread 0x000001edc570a3f0 Thread added: 0x000001edc53d5db0
Event: 48.610 Thread 0x000001edc57089b0 Thread added: 0x000001edc53d8ba0
Event: 48.610 Thread 0x000001edc57089b0 Thread added: 0x000001edc53d98c0
Event: 48.684 Thread 0x000001edc53d8ba0 Thread added: 0x000001edc53d6440
Event: 48.701 Thread 0x000001edc53d8ba0 Thread added: 0x000001edc53d6ad0
Event: 52.671 Thread 0x000001edc6293040 Thread added: 0x000001edc53da5e0
Event: 52.671 Thread 0x000001edc6293040 Thread added: 0x000001edc53d7160
Event: 52.684 Thread 0x000001edc53da5e0 Thread added: 0x000001edc53d8510
Event: 52.748 Thread 0x000001edc570aa80 Thread exited: 0x000001edc570aa80
Event: 52.875 Thread 0x000001edc53d8510 Thread exited: 0x000001edc53d8510


Dynamic libraries:
0x00007ff7e6160000 - 0x00007ff7e6170000 	C:\Program Files\Java\jdk-22\bin\javaw.exe
0x00007ffbe3230000 - 0x00007ffbe3447000 	C:\WINDOWS\SYSTEM32\ntdll.dll
0x00007ffbe1bf0000 - 0x00007ffbe1cb4000 	C:\WINDOWS\System32\KERNEL32.DLL
0x00007ffbe0540000 - 0x00007ffbe08f7000 	C:\WINDOWS\System32\KERNELBASE.dll
0x00007ffbe0cf0000 - 0x00007ffbe0e01000 	C:\WINDOWS\System32\ucrtbase.dll
0x00007ffbd94c0000 - 0x00007ffbd94d7000 	C:\Program Files\Java\jdk-22\bin\jli.dll
0x00007ffbe2030000 - 0x00007ffbe21df000 	C:\WINDOWS\System32\USER32.dll
0x00007ffbe0e10000 - 0x00007ffbe0e36000 	C:\WINDOWS\System32\win32u.dll
0x00007ffbe0f60000 - 0x00007ffbe0f89000 	C:\WINDOWS\System32\GDI32.dll
0x00007ffbe0e40000 - 0x00007ffbe0f58000 	C:\WINDOWS\System32\gdi32full.dll
0x00007ffbe0ab0000 - 0x00007ffbe0b4a000 	C:\WINDOWS\System32\msvcp_win.dll
0x00007ffbdb060000 - 0x00007ffbdb07b000 	C:\Program Files\Java\jdk-22\bin\VCRUNTIME140.dll
0x00007ffbba700000 - 0x00007ffbba993000 	C:\WINDOWS\WinSxS\amd64_microsoft.windows.common-controls_6595b64144ccf1df_6.0.22621.3672_none_2713b9d173822955\COMCTL32.dll
0x00007ffbe1e00000 - 0x00007ffbe1ea7000 	C:\WINDOWS\System32\msvcrt.dll
0x00007ffbe1010000 - 0x00007ffbe1041000 	C:\WINDOWS\System32\IMM32.DLL
0x00007ffbdd210000 - 0x00007ffbdd21c000 	C:\Program Files\Java\jdk-22\bin\vcruntime140_1.dll
0x00007ffbd9430000 - 0x00007ffbd94be000 	C:\Program Files\Java\jdk-22\bin\msvcp140.dll
0x00007ffb3f080000 - 0x00007ffb3fdc9000 	C:\Program Files\Java\jdk-22\bin\server\jvm.dll
0x00007ffbe1cc0000 - 0x00007ffbe1d72000 	C:\WINDOWS\System32\ADVAPI32.dll
0x00007ffbe16c0000 - 0x00007ffbe1768000 	C:\WINDOWS\System32\sechost.dll
0x00007ffbe0cc0000 - 0x00007ffbe0ce8000 	C:\WINDOWS\System32\bcrypt.dll
0x00007ffbe1150000 - 0x00007ffbe1264000 	C:\WINDOWS\System32\RPCRT4.dll
0x00007ffbe1d80000 - 0x00007ffbe1df1000 	C:\WINDOWS\System32\WS2_32.dll
0x00007ffbe0410000 - 0x00007ffbe045d000 	C:\WINDOWS\SYSTEM32\POWRPROF.dll
0x00007ffbda930000 - 0x00007ffbda964000 	C:\WINDOWS\SYSTEM32\WINMM.dll
0x00007ffbd8880000 - 0x00007ffbd888a000 	C:\WINDOWS\SYSTEM32\VERSION.dll
0x00007ffbe03f0000 - 0x00007ffbe0403000 	C:\WINDOWS\SYSTEM32\UMPDC.dll
0x00007ffbdf590000 - 0x00007ffbdf5a8000 	C:\WINDOWS\SYSTEM32\kernel.appcore.dll
0x00007ffbdb050000 - 0x00007ffbdb05a000 	C:\Program Files\Java\jdk-22\bin\jimage.dll
0x00007ffbdc2c0000 - 0x00007ffbdc4f2000 	C:\WINDOWS\SYSTEM32\DBGHELP.DLL
0x00007ffbe2c00000 - 0x00007ffbe2f8e000 	C:\WINDOWS\System32\combase.dll
0x00007ffbe14a0000 - 0x00007ffbe1577000 	C:\WINDOWS\System32\OLEAUT32.dll
0x00007ffbd9150000 - 0x00007ffbd9182000 	C:\WINDOWS\SYSTEM32\dbgcore.DLL
0x00007ffbe0a30000 - 0x00007ffbe0aab000 	C:\WINDOWS\System32\bcryptPrimitives.dll
0x00007ffbd9410000 - 0x00007ffbd942e000 	C:\Program Files\Java\jdk-22\bin\java.dll
0x00007ffbe2390000 - 0x00007ffbe2bf9000 	C:\WINDOWS\System32\SHELL32.dll
0x00007ffbe21e0000 - 0x00007ffbe2385000 	C:\WINDOWS\System32\ole32.dll
0x00007ffbde480000 - 0x00007ffbded7f000 	C:\WINDOWS\SYSTEM32\windows.storage.dll
0x00007ffbde340000 - 0x00007ffbde47f000 	C:\WINDOWS\SYSTEM32\wintypes.dll
0x00007ffbe1050000 - 0x00007ffbe1149000 	C:\WINDOWS\System32\SHCORE.dll
0x00007ffbe1270000 - 0x00007ffbe12ce000 	C:\WINDOWS\System32\shlwapi.dll
0x00007ffbe0470000 - 0x00007ffbe0497000 	C:\WINDOWS\SYSTEM32\profapi.dll
0x00007ffbd8a50000 - 0x00007ffbd8b27000 	C:\Program Files\Java\jdk-22\bin\jsvml.dll
0x00007ffbd9400000 - 0x00007ffbd9410000 	C:\Program Files\Java\jdk-22\bin\net.dll
0x00007ffbdfa00000 - 0x00007ffbdfa69000 	C:\WINDOWS\system32\mswsock.dll
0x00007ffbd93e0000 - 0x00007ffbd93f6000 	C:\Program Files\Java\jdk-22\bin\nio.dll
0x00007ffbd93c0000 - 0x00007ffbd93d7000 	C:\Program Files\Java\jdk-22\bin\zip.dll
0x00007ffbdf050000 - 0x00007ffbdf152000 	C:\WINDOWS\SYSTEM32\DNSAPI.dll
0x00007ffbdf020000 - 0x00007ffbdf04d000 	C:\WINDOWS\SYSTEM32\IPHLPAPI.DLL
0x00007ffbe1490000 - 0x00007ffbe1499000 	C:\WINDOWS\System32\NSI.dll
0x0000000076ec0000 - 0x0000000076ee6000 	C:\Program Files\Bonjour\mdnsNSP.dll
0x00007ffbd6d90000 - 0x00007ffbd6d9a000 	C:\Windows\System32\rasadhlp.dll
0x00007ffbd8cc0000 - 0x00007ffbd8d43000 	C:\WINDOWS\System32\fwpuclnt.dll
0x00007ffbd9340000 - 0x00007ffbd9349000 	C:\Program Files\Java\jdk-22\bin\extnet.dll
0x00007ffbdfc50000 - 0x00007ffbdfc6b000 	C:\WINDOWS\SYSTEM32\CRYPTSP.dll
0x00007ffbdf4f0000 - 0x00007ffbdf525000 	C:\WINDOWS\system32\rsaenh.dll
0x00007ffbdfaf0000 - 0x00007ffbdfb18000 	C:\WINDOWS\SYSTEM32\USERENV.dll
0x00007ffbdfc70000 - 0x00007ffbdfc7c000 	C:\WINDOWS\SYSTEM32\CRYPTBASE.dll
0x00007ffbd9350000 - 0x00007ffbd935e000 	C:\Program Files\Java\jdk-22\bin\sunmscapi.dll
0x00007ffbe0b50000 - 0x00007ffbe0cb6000 	C:\WINDOWS\System32\CRYPT32.dll
0x00007ffbdfe10000 - 0x00007ffbdfe3d000 	C:\WINDOWS\SYSTEM32\ncrypt.dll
0x00007ffbdfdd0000 - 0x00007ffbdfe07000 	C:\WINDOWS\SYSTEM32\NTASN1.dll
0x00007ffb8d6a0000 - 0x00007ffb8d6a8000 	C:\WINDOWS\system32\wshunix.dll

dbghelp: loaded successfully - version: 4.0.5 - missing functions: none
symbol engine: initialized successfully - sym options: 0x614 - pdb path: .;C:\Program Files\Java\jdk-22\bin;C:\WINDOWS\SYSTEM32;C:\WINDOWS\WinSxS\amd64_microsoft.windows.common-controls_6595b64144ccf1df_6.0.22621.3672_none_2713b9d173822955;C:\Program Files\Java\jdk-22\bin\server;C:\Program Files\Bonjour

VM Arguments:
jvm_args: -ea -Dfile.encoding=UTF-8 -Dstdout.encoding=UTF-8 -Dstderr.encoding=UTF-8 -XX:+ShowCodeDetailsInExceptionMessages 
java_command: org.testng.remote.RemoteTestNG -serport 53760 -protocol json -d C:\BANK\Amazon\test-output C:\BANK\Amazon\testng.xml
java_class_path (initial): C:\Users\bobad\eclipse\java-2024-06\eclipse\configuration\org.eclipse.osgi\523\0\.cp\lib\testng-remote.jar;C:\BANK\Amazon\target\test-classes;C:\BANK\Amazon\target\classes;C:\Users\bobad\.m2\repository\org\seleniumhq\selenium\selenium-java\4.18.1\selenium-java-4.18.1.jar;C:\Users\bobad\.m2\repository\org\seleniumhq\selenium\selenium-api\4.18.1\selenium-api-4.18.1.jar;C:\Users\bobad\.m2\repository\org\seleniumhq\selenium\selenium-chrome-driver\4.18.1\selenium-chrome-driver-4.18.1.jar;C:\Users\bobad\.m2\repository\com\google\auto\service\auto-service-annotations\1.1.1\auto-service-annotations-1.1.1.jar;C:\Users\bobad\.m2\repository\org\seleniumhq\selenium\selenium-chromium-driver\4.18.1\selenium-chromium-driver-4.18.1.jar;C:\Users\bobad\.m2\repository\org\seleniumhq\selenium\selenium-json\4.18.1\selenium-json-4.18.1.jar;C:\Users\bobad\.m2\repository\org\seleniumhq\selenium\selenium-manager\4.18.1\selenium-manager-4.18.1.jar;C:\Users\bobad\.m2\repository\org\seleniumhq\selenium\selenium-devtools-v120\4.18.1\selenium-devtools-v120-4.18.1.jar;C:\Users\bobad\.m2\repository\org\seleniumhq\selenium\selenium-devtools-v121\4.18.1\selenium-devtools-v121-4.18.1.jar;C:\Users\bobad\.m2\repository\org\seleniumhq\selenium\selenium-devtools-v122\4.18.1\selenium-devtools-v122-4.18.1.jar;C:\Users\bobad\.m2\repository\org\seleniumhq\selenium\selenium-devtools-v85\4.18.1\selenium-devtools-v85-4.18.1.jar;C:\Users\bobad\.m2\repository\org\seleniumhq\selenium\selenium-edge-driver\4.18.1\selenium-edge-driver-4.18.1.jar;C:\Users\bobad\.m2\repository\org\seleniumhq\selenium\selenium-firefox-driver\4.18.1\selenium-firefox-driver-4.18.1.jar;C:\Users\bobad\.m2\repository\org\seleniumhq\selenium\selenium-http\4.18.1\selenium-http-4.18.1.jar;C:\Users\bobad\.m2\repository\dev\failsafe\failsafe\3.3.2\failsafe-3.3.2.jar;C:\Users\bobad\.m2\repository\org\seleniumhq\selenium\selenium-ie-driver\4.18.1\selenium-ie-driver-4.18.1.jar;C:\Users\bobad\.m2\repository\org\seleniumhq\selenium\selenium-remote-driver\4.18.1\selenium-remote-driver-4.18.1.jar;C:\Users\bobad\.m2\repository\com\google\guava\guava\33.0.0-jre\guava-33.0.0-jre.jar;C:\Users\bobad\.m2\repository\com\google\guava\failureaccess\1.0.2\failureaccess-1.0.2.jar;C:\Users\bobad\.m2\repository\com\google\guava\listenablefuture\9999.0-empty-to-avoid-conflict-with-guava\listenablefuture-9999.0-empty-to-avoid-conflict-with-guava.jar;C:\Users\bobad\.m2\repository\com\google\code\findbugs\jsr305\3.0.2\jsr305-3.0.2.jar;C:\Users\bobad\.m2\repository\org\checkerframework\checker-qual\3.41.0\checker-qual-3.41.0.jar;C:\Users\bobad\.m2\repository\com\google\errorprone\error_prone_annotations\2.23.0\error_prone_annotations-2.23.0.jar;C:\Users\bobad\.m2\repository\com\google\j2objc\j2objc-annotations\2.8\j2objc-annotations-2.8.jar;C:\Users\bobad\.m2\repository\io\opentelemetry\semconv\opentelemetry-semconv\1.23.1-alpha\opentelemetry-semconv-1.23.1-alpha.jar;C:\Users\bobad\.m2\repository\io\opentelemetry\opentelemetry-api\1.35.0\opentelemetry-api-1.35.0.jar;C:\Users\bobad\.m2\repository\io\opentelemetry\opentelemetry-context\1.35.0\opentelemetry-context-1.35.0.jar;C:\Users\bobad\.m2\repository\io\opentelemetry\opentelemetry-exporter-logging\1.35.0\opentelemetry-exporter-logging-1.35.0.jar;C:\Users\bobad\.m2\repository\io\opentelemetry\opentelemetry-sdk-common\1.35.0\opentelemetry-sdk-common-1.35.0.jar;C:\Users\bobad\.m2\repository\io\opentelemetry\opentelemetry-sdk-extension-autoconfigure-spi\1.35.0\opentelemetry-sdk-extension-autoconfigure-spi-1.35.0.jar;C:\Users\bobad\.m2\repository\io\opentelemetry\opentelemetry-sdk-extension-autoconfigure\1.35.0\opentelemetry-sdk-extension-autoconfigure-1.35.0.jar;C:\Users\bobad\.m2\repository\io\opentelemetry\opentelemetry-api-events\1.35.0-alpha\opentelemetry-api-events-1.35.0-alpha.jar;C:\Users\bobad\.m2\repository\io\opentelemetry\opentelemetry-sdk-trace\1.35.0\opentelemetry-sdk-trace-1.35.0.jar;C:\Users\bobad\.m2\repository\io\opentelemetry\opentelemetry-extension-incubator\1.35.0-alpha\opentelemetry-extension-incubator-1.35.0-alpha.jar;C:\Users\bobad\.m2\repository\io\opentelemetry\opentelemetry-sdk\1.35.0\opentelemetry-sdk-1.35.0.jar;C:\Users\bobad\.m2\repository\io\opentelemetry\opentelemetry-sdk-metrics\1.35.0\opentelemetry-sdk-metrics-1.35.0.jar;C:\Users\bobad\.m2\repository\io\opentelemetry\opentelemetry-sdk-logs\1.35.0\opentelemetry-sdk-logs-1.35.0.jar;C:\Users\bobad\.m2\repository\net\bytebuddy\byte-buddy\1.14.12\byte-buddy-1.14.12.jar;C:\Users\bobad\.m2\repository\org\seleniumhq\selenium\selenium-os\4.18.1\selenium-os-4.18.1.jar;C:\Users\bobad\.m2\repository\org\apache\commons\commons-exec\1.3\commons-exec-1.3.jar;C:\Users\bobad\.m2\repository\org\seleniumhq\selenium\selenium-safari-driver\4.18.1\selenium-safari-driver-4.18.1.jar;C:\Users\bobad\.m2\repository\org\seleniumhq\selenium\selenium-support\4.18.1\selenium-support-4.18.1.jar;C:\Users\bobad\.m2\repository\org\apache\poi\poi\5.2.2\poi-5.2.2.jar;C:\Users\bobad\.m2\repository\commons-codec\commons-codec\1.15\commons-codec-1.15.jar;C:\Users\bobad\.m2\repository\org\apache\commons\commons-collections4\4.4\commons-collections4-4.4.jar;C:\Users\bobad\.m2\repository\org\apache\commons\commons-math3\3.6.1\commons-math3-3.6.1.jar;C:\Users\bobad\.m2\repository\com\zaxxer\SparseBitSet\1.2\SparseBitSet-1.2.jar;C:\Users\bobad\.m2\repository\org\apache\logging\log4j\log4j-api\2.17.2\log4j-api-2.17.2.jar;C:\Users\bobad\.m2\repository\org\apache\poi\poi-ooxml\5.2.2\poi-ooxml-5.2.2.jar;C:\Users\bobad\.m2\repository\org\apache\poi\poi-ooxml-lite\5.2.2\poi-ooxml-lite-5.2.2.jar;C:\Users\bobad\.m2\repository\org\apache\xmlbeans\xmlbeans\5.0.3\xmlbeans-5.0.3.jar;C:\Users\bobad\.m2\repository\org\apache\commons\commons-compress\1.21\commons-compress-1.21.jar;C:\Users\bobad\.m2\repository\com\github\virtuald\curvesapi\1.07\curvesapi-1.07.jar;C:\Users\bobad\.m2\repository\commons-io\commons-io\2.11.0\commons-io-2.11.0.jar;C:\Users\bobad\.m2\repository\org\testng\testng\7.4.0\testng-7.4.0.jar;C:\Users\bobad\.m2\repository\com\beust\jcommander\1.78\jcommander-1.78.jar;C:\Users\bobad\.m2\repository\org\webjars\jquery\3.5.1\jquery-3.5.1.jar
Launcher Type: SUN_STANDARD

[Global flags]
     intx CICompilerCount                          = 3                                         {product} {ergonomic}
     uint ConcGCThreads                            = 1                                         {product} {ergonomic}
     uint G1ConcRefinementThreads                  = 4                                         {product} {ergonomic}
   size_t G1HeapRegionSize                         = 1048576                                   {product} {ergonomic}
   size_t InitialHeapSize                          = 132120576                                 {product} {ergonomic}
   size_t MarkStackSize                            = 4194304                                   {product} {ergonomic}
   size_t MaxHeapSize                              = 2105540608                                {product} {ergonomic}
   size_t MaxNewSize                               = 1262485504                                {product} {ergonomic}
   size_t MinHeapDeltaBytes                        = 1048576                                   {product} {ergonomic}
   size_t MinHeapSize                              = 8388608                                   {product} {ergonomic}
    uintx NonNMethodCodeHeapSize                   = 5832780                                {pd product} {ergonomic}
    uintx NonProfiledCodeHeapSize                  = 122912730                              {pd product} {ergonomic}
    uintx ProfiledCodeHeapSize                     = 122912730                              {pd product} {ergonomic}
    uintx ReservedCodeCacheSize                    = 251658240                              {pd product} {ergonomic}
     bool SegmentedCodeCache                       = true                                      {product} {ergonomic}
     bool ShowCodeDetailsInExceptionMessages       = true                                   {manageable} {command line}
   size_t SoftMaxHeapSize                          = 2105540608                             {manageable} {ergonomic}
     bool UseCompressedOops                        = true                           {product lp64_product} {ergonomic}
     bool UseG1GC                                  = true                                      {product} {ergonomic}
     bool UseLargePagesIndividualAllocation        = false                                  {pd product} {ergonomic}

Logging:
Log output configuration:
 #0: stdout all=warning uptime,level,tags foldmultilines=false
 #1: stderr all=off uptime,level,tags foldmultilines=false

Environment Variables:
PATH=C:\Program Files\Common Files\Oracle\Java\javapath;C:\WINDOWS\system32;C:\WINDOWS;C:\WINDOWS\System32\Wbem;C:\WINDOWS\System32\WindowsPowerShell\v1.0\;C:\WINDOWS\System32\OpenSSH\;C:\Program Files (x86)\Microsoft SQL Server\150\Tools\Binn\;C:\Program Files\Microsoft SQL Server\150\Tools\Binn\;C:\Program Files (x86)\Microsoft SQL Server\150\DTS\Binn\;C:\Program Files\Microsoft SQL Server\150\DTS\Binn\;C:\Program Files\Microsoft SQL Server\Client SDK\ODBC\170\Tools\Binn\;C:\Program Files\Azure Data Studio\bin;C:\Program Files (x86)\Microsoft SQL Server\160\Tools\Binn\;C:\Program Files\Microsoft SQL Server\160\Tools\Binn\;C:\Program Files\Microsoft SQL Server\160\DTS\Binn\;C:\Program Files (x86)\Microsoft SQL Server\160\DTS\Binn\;C:\Program Files\nodejs\;C:\Users\bobad\AppData\Local\Microsoft\WindowsApps;;C:\Program Files\Azure Data Studio\bin;C:\Users\bobad\AppData\Roaming\npm
USERNAME=bobad
OS=Windows_NT
PROCESSOR_IDENTIFIER=Intel64 Family 6 Model 142 Stepping 12, GenuineIntel
TMP=C:\Users\bobad\AppData\Local\Temp
TEMP=C:\Users\bobad\AppData\Local\Temp




Periodic native trim disabled

---------------  S Y S T E M  ---------------

OS:
 Windows 11 , 64 bit Build 22621 (10.0.22621.3958)
OS uptime: 0 days 8:46 hours

CPU: total 4 (initial active 4) (2 cores per cpu, 2 threads per core) family 6 model 142 stepping 12 microcode 0xea, cx8, cmov, fxsr, ht, mmx, 3dnowpref, sse, sse2, sse3, ssse3, sse4.1, sse4.2, popcnt, lzcnt, tsc, tscinvbit, avx, avx2, aes, erms, clmul, bmi1, bmi2, adx, fma, vzeroupper, clflush, clflushopt, rdtscp, f16c
Processor Information for all 4 processors :
  Max Mhz: 2592, Current Mhz: 1495, Mhz Limit: 2073

Memory: 4k page, system-wide physical 8026M (852M free)
TotalPageFile size 15019M (AvailPageFile size 491M)
current process WorkingSet (physical memory assigned to process): 106M, peak: 133M
current process commit charge ("private bytes"): 245M, peak: 264M

vm_info: Java HotSpot(TM) 64-Bit Server VM (22.0.2+9-70) for windows-amd64 JRE (22.0.2+9-70), built on 2024-06-04T16:52:23Z by "mach5one" with MS VC++ 17.6 (VS2022)

END.
